[2024-09-25 13:35:54 +0000] [150] [INFO] Starting gunicorn 21.2.0
[2024-09-25 13:35:54 +0000] [150] [INFO] Listening at: http://127.0.0.1:8080 (150)
[2024-09-25 13:35:54 +0000] [150] [INFO] Using worker: gthread
[2024-09-25 13:35:54 +0000] [168] [INFO] Booting worker with pid: 168
[2024-09-25 13:35:54 +0000] [169] [INFO] Booting worker with pid: 169
[2024-09-25 13:35:54 +0000] [170] [INFO] Booting worker with pid: 170
[2024-09-25 13:35:54 +0000] [171] [INFO] Booting worker with pid: 171
[2024-09-25 13:35:54 +0000] [172] [INFO] Booting worker with pid: 172
[2024-09-25 13:35:54 +0000] [173] [INFO] Booting worker with pid: 173
[2024-09-25 13:35:54 +0000] [174] [INFO] Booting worker with pid: 174
[2024-09-25 13:35:54 +0000] [175] [INFO] Booting worker with pid: 175
[2024-09-25 13:35:54 +0000] [182] [INFO] Booting worker with pid: 182
[2024-09-25 13:35:54 +0000] [183] [INFO] Booting worker with pid: 183
[2024-09-25 13:35:54 +0000] [184] [INFO] Booting worker with pid: 184
[2024-09-25 13:35:54 +0000] [185] [INFO] Booting worker with pid: 185
[2024-09-25 13:35:55 +0000] [186] [INFO] Booting worker with pid: 186
[2024-09-25 13:35:55 +0000] [187] [INFO] Booting worker with pid: 187
[2024-09-25 13:35:55 +0000] [188] [INFO] Booting worker with pid: 188
[2024-09-25 13:35:55 +0000] [189] [INFO] Booting worker with pid: 189
[2024-09-25 23:37:20 +0000] [150] [CRITICAL] WORKER TIMEOUT (pid:169)
[2024-09-25 23:37:20 +0000] [150] [CRITICAL] WORKER TIMEOUT (pid:171)
[2024-09-25 23:37:20 +0000] [169] [INFO] Worker exiting (pid: 169)
[2024-09-25 23:37:20 +0000] [171] [INFO] Worker exiting (pid: 171)
[2024-09-25 23:37:21 +0000] [150] [ERROR] Worker (pid:171) was sent SIGKILL! Perhaps out of memory?
[2024-09-25 23:37:22 +0000] [150] [ERROR] Worker (pid:169) was sent SIGKILL! Perhaps out of memory?
[2024-09-25 23:37:22 +0000] [28123] [INFO] Booting worker with pid: 28123
[2024-09-25 23:37:22 +0000] [28128] [INFO] Booting worker with pid: 28128
[2024-09-26 01:29:36 +0000] [150] [CRITICAL] WORKER TIMEOUT (pid:168)
[2024-09-26 01:29:36 +0000] [150] [CRITICAL] WORKER TIMEOUT (pid:170)
[2024-09-26 01:29:36 +0000] [150] [CRITICAL] WORKER TIMEOUT (pid:174)
[2024-09-26 01:29:36 +0000] [150] [CRITICAL] WORKER TIMEOUT (pid:175)
[2024-09-26 01:29:36 +0000] [150] [CRITICAL] WORKER TIMEOUT (pid:182)
[2024-09-26 01:29:36 +0000] [150] [CRITICAL] WORKER TIMEOUT (pid:185)
[2024-09-26 01:29:36 +0000] [150] [CRITICAL] WORKER TIMEOUT (pid:186)
[2024-09-26 01:29:36 +0000] [150] [CRITICAL] WORKER TIMEOUT (pid:188)
[2024-09-26 01:29:36 +0000] [150] [CRITICAL] WORKER TIMEOUT (pid:189)
[2024-09-26 01:29:36 +0000] [150] [CRITICAL] WORKER TIMEOUT (pid:28123)
[2024-09-26 01:29:36 +0000] [150] [CRITICAL] WORKER TIMEOUT (pid:28128)
[2024-09-26 01:29:36 +0000] [28128] [INFO] Worker exiting (pid: 28128)
[2024-09-26 01:29:36 +0000] [170] [INFO] Worker exiting (pid: 170)
[2024-09-26 01:29:36 +0000] [174] [INFO] Worker exiting (pid: 174)
[2024-09-26 01:29:36 +0000] [182] [INFO] Worker exiting (pid: 182)
[2024-09-26 01:29:36 +0000] [175] [INFO] Worker exiting (pid: 175)
[2024-09-26 01:29:36 +0000] [186] [INFO] Worker exiting (pid: 186)
[2024-09-26 01:29:36 +0000] [189] [INFO] Worker exiting (pid: 189)
[2024-09-26 01:29:36 +0000] [185] [INFO] Worker exiting (pid: 185)
[2024-09-26 01:29:36 +0000] [28123] [INFO] Worker exiting (pid: 28123)
[2024-09-26 01:29:36 +0000] [188] [INFO] Worker exiting (pid: 188)
[2024-09-26 01:29:36 +0000] [168] [INFO] Worker exiting (pid: 168)
[2024-09-26 01:29:37 +0000] [150] [ERROR] Worker (pid:168) was sent SIGKILL! Perhaps out of memory?
[2024-09-26 01:29:37 +0000] [150] [ERROR] Worker (pid:170) was sent SIGKILL! Perhaps out of memory?
[2024-09-26 01:29:37 +0000] [150] [ERROR] Worker (pid:174) was sent SIGKILL! Perhaps out of memory?
[2024-09-26 01:29:37 +0000] [150] [ERROR] Worker (pid:175) was sent SIGKILL! Perhaps out of memory?
[2024-09-26 01:29:37 +0000] [150] [ERROR] Worker (pid:182) was sent SIGKILL! Perhaps out of memory?
[2024-09-26 01:29:37 +0000] [150] [ERROR] Worker (pid:185) was sent SIGKILL! Perhaps out of memory?
[2024-09-26 01:29:37 +0000] [150] [ERROR] Worker (pid:186) was sent SIGKILL! Perhaps out of memory?
[2024-09-26 01:29:37 +0000] [150] [ERROR] Worker (pid:188) was sent SIGKILL! Perhaps out of memory?
[2024-09-26 01:29:37 +0000] [150] [ERROR] Worker (pid:189) was sent SIGKILL! Perhaps out of memory?
[2024-09-26 01:29:37 +0000] [150] [ERROR] Worker (pid:28128) was sent SIGKILL! Perhaps out of memory?
[2024-09-26 01:29:37 +0000] [150] [ERROR] Worker (pid:28123) was sent SIGKILL! Perhaps out of memory?
[2024-09-26 01:29:37 +0000] [31035] [INFO] Booting worker with pid: 31035
[2024-09-26 01:29:37 +0000] [31036] [INFO] Booting worker with pid: 31036
[2024-09-26 01:29:37 +0000] [31037] [INFO] Booting worker with pid: 31037
[2024-09-26 01:29:37 +0000] [31038] [INFO] Booting worker with pid: 31038
[2024-09-26 01:29:37 +0000] [31039] [INFO] Booting worker with pid: 31039
[2024-09-26 01:29:37 +0000] [31040] [INFO] Booting worker with pid: 31040
[2024-09-26 01:29:37 +0000] [31041] [INFO] Booting worker with pid: 31041
[2024-09-26 01:29:38 +0000] [31042] [INFO] Booting worker with pid: 31042
[2024-09-26 01:29:38 +0000] [31043] [INFO] Booting worker with pid: 31043
[2024-09-26 01:29:38 +0000] [31044] [INFO] Booting worker with pid: 31044
[2024-09-26 01:29:38 +0000] [31045] [INFO] Booting worker with pid: 31045
[2024-09-26 04:36:53 +0000] [150] [INFO] Handling signal: term
[2024-09-26 04:36:53 +0000] [183] [INFO] Worker exiting (pid: 183)
[2024-09-26 04:36:53 +0000] [184] [INFO] Worker exiting (pid: 184)
[2024-09-26 04:36:53 +0000] [172] [INFO] Worker exiting (pid: 172)
[2024-09-26 04:36:53 +0000] [31039] [INFO] Worker exiting (pid: 31039)
[2024-09-26 04:36:53 +0000] [31042] [INFO] Worker exiting (pid: 31042)
[2024-09-26 04:36:53 +0000] [31040] [INFO] Worker exiting (pid: 31040)
[2024-09-26 04:36:53 +0000] [187] [INFO] Worker exiting (pid: 187)
[2024-09-26 04:36:53 +0000] [31037] [INFO] Worker exiting (pid: 31037)
[2024-09-26 04:36:53 +0000] [31035] [INFO] Worker exiting (pid: 31035)
[2024-09-26 04:36:53 +0000] [31041] [INFO] Worker exiting (pid: 31041)
[2024-09-26 04:36:53 +0000] [31038] [INFO] Worker exiting (pid: 31038)
[2024-09-26 04:36:53 +0000] [173] [INFO] Worker exiting (pid: 173)
[2024-09-26 04:36:53 +0000] [31044] [INFO] Worker exiting (pid: 31044)
[2024-09-26 04:36:53 +0000] [31045] [INFO] Worker exiting (pid: 31045)
[2024-09-26 04:36:53 +0000] [31043] [INFO] Worker exiting (pid: 31043)
[2024-09-26 04:36:54 +0000] [31036] [INFO] Worker exiting (pid: 31036)
[2024-10-15 01:18:42 +0000] [118] [INFO] Starting gunicorn 21.2.0
[2024-10-15 01:18:42 +0000] [118] [INFO] Listening at: http://127.0.0.1:8080 (118)
[2024-10-15 01:18:42 +0000] [118] [INFO] Using worker: gthread
[2024-10-15 01:18:42 +0000] [136] [INFO] Booting worker with pid: 136
[2024-10-15 01:18:42 +0000] [137] [INFO] Booting worker with pid: 137
[2024-10-15 01:18:42 +0000] [138] [INFO] Booting worker with pid: 138
[2024-10-15 01:18:42 +0000] [139] [INFO] Booting worker with pid: 139
[2024-10-15 01:18:42 +0000] [140] [INFO] Booting worker with pid: 140
[2024-10-15 01:18:42 +0000] [141] [INFO] Booting worker with pid: 141
[2024-10-15 01:18:42 +0000] [142] [INFO] Booting worker with pid: 142
[2024-10-15 01:18:42 +0000] [143] [INFO] Booting worker with pid: 143
[2024-10-15 01:18:42 +0000] [144] [INFO] Booting worker with pid: 144
[2024-10-15 01:18:42 +0000] [145] [INFO] Booting worker with pid: 145
[2024-10-15 01:18:43 +0000] [146] [INFO] Booting worker with pid: 146
[2024-10-15 01:18:43 +0000] [147] [INFO] Booting worker with pid: 147
[2024-10-15 01:18:43 +0000] [148] [INFO] Booting worker with pid: 148
[2024-10-15 01:18:43 +0000] [149] [INFO] Booting worker with pid: 149
[2024-10-15 01:18:43 +0000] [150] [INFO] Booting worker with pid: 150
[2024-10-15 01:18:43 +0000] [151] [INFO] Booting worker with pid: 151
[2024-10-15 01:22:35 +0000] [118] [INFO] Handling signal: term
[2024-10-15 01:22:36 +0000] [143] [INFO] Worker exiting (pid: 143)
[2024-10-15 01:22:36 +0000] [147] [INFO] Worker exiting (pid: 147)
[2024-10-15 01:22:36 +0000] [138] [INFO] Worker exiting (pid: 138)
[2024-10-15 01:22:36 +0000] [151] [INFO] Worker exiting (pid: 151)
[2024-10-15 01:22:36 +0000] [150] [INFO] Worker exiting (pid: 150)
[2024-10-15 01:22:36 +0000] [142] [INFO] Worker exiting (pid: 142)
[2024-10-15 01:22:36 +0000] [144] [INFO] Worker exiting (pid: 144)
[2024-10-15 01:22:36 +0000] [149] [INFO] Worker exiting (pid: 149)
[2024-10-15 01:22:36 +0000] [141] [INFO] Worker exiting (pid: 141)
[2024-10-15 01:22:36 +0000] [148] [INFO] Worker exiting (pid: 148)
[2024-10-15 01:22:36 +0000] [136] [INFO] Worker exiting (pid: 136)
[2024-10-15 01:22:36 +0000] [146] [INFO] Worker exiting (pid: 146)
[2024-10-15 01:22:36 +0000] [140] [INFO] Worker exiting (pid: 140)
[2024-10-15 01:22:36 +0000] [145] [INFO] Worker exiting (pid: 145)
[2024-10-15 01:22:36 +0000] [139] [INFO] Worker exiting (pid: 139)
[2024-10-15 01:22:36 +0000] [137] [INFO] Worker exiting (pid: 137)
[2024-11-11 00:02:51 +0000] [117] [INFO] Starting gunicorn 21.2.0
[2024-11-11 00:02:51 +0000] [117] [INFO] Listening at: http://127.0.0.1:8080 (117)
[2024-11-11 00:02:51 +0000] [117] [INFO] Using worker: gthread
[2024-11-11 00:02:51 +0000] [119] [INFO] Booting worker with pid: 119
[2024-11-11 00:02:51 +0000] [136] [INFO] Booting worker with pid: 136
[2024-11-11 00:02:52 +0000] [137] [INFO] Booting worker with pid: 137
[2024-11-11 00:02:52 +0000] [138] [INFO] Booting worker with pid: 138
[2024-11-11 00:02:52 +0000] [139] [INFO] Booting worker with pid: 139
[2024-11-11 00:02:52 +0000] [140] [INFO] Booting worker with pid: 140
[2024-11-11 00:02:52 +0000] [141] [INFO] Booting worker with pid: 141
[2024-11-11 00:02:52 +0000] [142] [INFO] Booting worker with pid: 142
[2024-11-11 00:02:52 +0000] [143] [INFO] Booting worker with pid: 143
[2024-11-11 00:02:52 +0000] [144] [INFO] Booting worker with pid: 144
[2024-11-11 00:02:52 +0000] [145] [INFO] Booting worker with pid: 145
[2024-11-11 00:02:52 +0000] [146] [INFO] Booting worker with pid: 146
[2024-11-11 00:02:52 +0000] [147] [INFO] Booting worker with pid: 147
[2024-11-11 00:02:52 +0000] [148] [INFO] Booting worker with pid: 148
[2024-11-11 00:02:52 +0000] [149] [INFO] Booting worker with pid: 149
[2024-11-11 00:02:52 +0000] [150] [INFO] Booting worker with pid: 150
[2024-11-11 00:15:08 +0000] [117] [INFO] Handling signal: term
[2024-11-11 00:15:08 +0000] [136] [INFO] Worker exiting (pid: 136)
[2024-11-11 00:15:08 +0000] [139] [INFO] Worker exiting (pid: 139)
[2024-11-11 00:15:08 +0000] [138] [INFO] Worker exiting (pid: 138)
[2024-11-11 00:15:08 +0000] [137] [INFO] Worker exiting (pid: 137)
[2024-11-11 00:15:08 +0000] [119] [INFO] Worker exiting (pid: 119)
[2024-11-11 00:15:08 +0000] [144] [INFO] Worker exiting (pid: 144)
[2024-11-11 00:15:08 +0000] [149] [INFO] Worker exiting (pid: 149)
[2024-11-11 00:15:08 +0000] [143] [INFO] Worker exiting (pid: 143)
[2024-11-11 00:15:08 +0000] [150] [INFO] Worker exiting (pid: 150)
[2024-11-11 00:15:08 +0000] [142] [INFO] Worker exiting (pid: 142)
[2024-11-11 00:15:08 +0000] [147] [INFO] Worker exiting (pid: 147)
[2024-11-11 00:15:08 +0000] [145] [INFO] Worker exiting (pid: 145)
[2024-11-11 00:15:08 +0000] [140] [INFO] Worker exiting (pid: 140)
[2024-11-11 00:15:08 +0000] [148] [INFO] Worker exiting (pid: 148)
[2024-11-11 00:15:08 +0000] [146] [INFO] Worker exiting (pid: 146)
[2024-11-11 00:15:09 +0000] [141] [INFO] Worker exiting (pid: 141)
[2024-11-14 03:09:45 +0000] [111] [INFO] Starting gunicorn 21.2.0
[2024-11-14 03:09:45 +0000] [111] [INFO] Listening at: http://127.0.0.1:8080 (111)
[2024-11-14 03:09:45 +0000] [111] [INFO] Using worker: gthread
[2024-11-14 03:09:45 +0000] [129] [INFO] Booting worker with pid: 129
[2024-11-14 03:09:45 +0000] [130] [INFO] Booting worker with pid: 130
[2024-11-14 03:09:45 +0000] [131] [INFO] Booting worker with pid: 131
[2024-11-14 03:09:45 +0000] [132] [INFO] Booting worker with pid: 132
[2024-11-14 03:09:45 +0000] [133] [INFO] Booting worker with pid: 133
[2024-11-14 03:09:45 +0000] [134] [INFO] Booting worker with pid: 134
[2024-11-14 03:09:45 +0000] [135] [INFO] Booting worker with pid: 135
[2024-11-14 03:09:45 +0000] [136] [INFO] Booting worker with pid: 136
[2024-11-14 03:09:45 +0000] [137] [INFO] Booting worker with pid: 137
[2024-11-14 03:09:45 +0000] [138] [INFO] Booting worker with pid: 138
[2024-11-14 03:09:45 +0000] [139] [INFO] Booting worker with pid: 139
[2024-11-14 03:09:46 +0000] [140] [INFO] Booting worker with pid: 140
[2024-11-14 03:09:46 +0000] [141] [INFO] Booting worker with pid: 141
[2024-11-14 03:09:46 +0000] [143] [INFO] Booting worker with pid: 143
[2024-11-14 03:09:46 +0000] [142] [INFO] Booting worker with pid: 142
[2024-11-14 03:09:46 +0000] [148] [INFO] Booting worker with pid: 148
[2024-11-14 03:16:50 +0000] [111] [INFO] Handling signal: term
[2024-11-14 03:16:51 +0000] [143] [INFO] Worker exiting (pid: 143)
[2024-11-14 03:16:51 +0000] [134] [INFO] Worker exiting (pid: 134)
[2024-11-14 03:16:51 +0000] [133] [INFO] Worker exiting (pid: 133)
[2024-11-14 03:16:51 +0000] [136] [INFO] Worker exiting (pid: 136)
[2024-11-14 03:16:51 +0000] [140] [INFO] Worker exiting (pid: 140)
[2024-11-14 03:16:51 +0000] [132] [INFO] Worker exiting (pid: 132)
[2024-11-14 03:16:51 +0000] [135] [INFO] Worker exiting (pid: 135)
[2024-11-14 03:16:51 +0000] [139] [INFO] Worker exiting (pid: 139)
[2024-11-14 03:16:51 +0000] [141] [INFO] Worker exiting (pid: 141)
[2024-11-14 03:16:51 +0000] [142] [INFO] Worker exiting (pid: 142)
[2024-11-14 03:16:51 +0000] [130] [INFO] Worker exiting (pid: 130)
[2024-11-14 03:16:51 +0000] [138] [INFO] Worker exiting (pid: 138)
[2024-11-14 03:16:51 +0000] [148] [INFO] Worker exiting (pid: 148)
[2024-11-14 03:16:51 +0000] [129] [INFO] Worker exiting (pid: 129)
[2024-11-14 03:16:51 +0000] [137] [INFO] Worker exiting (pid: 137)
[2024-11-14 03:16:51 +0000] [131] [INFO] Worker exiting (pid: 131)
[2024-11-14 03:19:37 +0000] [117] [INFO] Starting gunicorn 21.2.0
[2024-11-14 03:19:37 +0000] [117] [INFO] Listening at: http://127.0.0.1:8080 (117)
[2024-11-14 03:19:37 +0000] [117] [INFO] Using worker: gthread
[2024-11-14 03:19:37 +0000] [135] [INFO] Booting worker with pid: 135
[2024-11-14 03:19:37 +0000] [136] [INFO] Booting worker with pid: 136
[2024-11-14 03:19:37 +0000] [137] [INFO] Booting worker with pid: 137
[2024-11-14 03:19:37 +0000] [138] [INFO] Booting worker with pid: 138
[2024-11-14 03:19:37 +0000] [139] [INFO] Booting worker with pid: 139
[2024-11-14 03:19:37 +0000] [140] [INFO] Booting worker with pid: 140
[2024-11-14 03:19:37 +0000] [141] [INFO] Booting worker with pid: 141
[2024-11-14 03:19:37 +0000] [142] [INFO] Booting worker with pid: 142
[2024-11-14 03:19:37 +0000] [143] [INFO] Booting worker with pid: 143
[2024-11-14 03:19:37 +0000] [144] [INFO] Booting worker with pid: 144
[2024-11-14 03:19:37 +0000] [145] [INFO] Booting worker with pid: 145
[2024-11-14 03:19:37 +0000] [146] [INFO] Booting worker with pid: 146
[2024-11-14 03:19:37 +0000] [147] [INFO] Booting worker with pid: 147
[2024-11-14 03:19:38 +0000] [148] [INFO] Booting worker with pid: 148
[2024-11-14 03:19:38 +0000] [149] [INFO] Booting worker with pid: 149
[2024-11-14 03:19:38 +0000] [150] [INFO] Booting worker with pid: 150
[2024-11-14 03:23:03 +0000] [117] [INFO] Handling signal: term
[2024-11-14 03:23:03 +0000] [142] [INFO] Worker exiting (pid: 142)
[2024-11-14 03:23:03 +0000] [143] [INFO] Worker exiting (pid: 143)
[2024-11-14 03:23:03 +0000] [137] [INFO] Worker exiting (pid: 137)
[2024-11-14 03:23:03 +0000] [145] [INFO] Worker exiting (pid: 145)
[2024-11-14 03:23:03 +0000] [141] [INFO] Worker exiting (pid: 141)
[2024-11-14 03:23:03 +0000] [139] [INFO] Worker exiting (pid: 139)
[2024-11-14 03:23:03 +0000] [135] [INFO] Worker exiting (pid: 135)
[2024-11-14 03:23:03 +0000] [136] [INFO] Worker exiting (pid: 136)
[2024-11-14 03:23:03 +0000] [140] [INFO] Worker exiting (pid: 140)
[2024-11-14 03:23:03 +0000] [138] [INFO] Worker exiting (pid: 138)
[2024-11-14 03:23:04 +0000] [146] [INFO] Worker exiting (pid: 146)
[2024-11-14 03:23:04 +0000] [148] [INFO] Worker exiting (pid: 148)
[2024-11-14 03:23:04 +0000] [150] [INFO] Worker exiting (pid: 150)
[2024-11-14 03:23:04 +0000] [149] [INFO] Worker exiting (pid: 149)
[2024-11-14 03:23:04 +0000] [144] [INFO] Worker exiting (pid: 144)
[2024-11-14 03:23:04 +0000] [147] [INFO] Worker exiting (pid: 147)
[2024-11-14 03:23:07 +0000] [117] [INFO] Shutting down: Master
[2024-11-14 03:25:46 +0000] [116] [INFO] Starting gunicorn 21.2.0
[2024-11-14 03:25:46 +0000] [116] [INFO] Listening at: http://127.0.0.1:8080 (116)
[2024-11-14 03:25:46 +0000] [116] [INFO] Using worker: gthread
[2024-11-14 03:25:46 +0000] [134] [INFO] Booting worker with pid: 134
[2024-11-14 03:25:46 +0000] [135] [INFO] Booting worker with pid: 135
[2024-11-14 03:25:46 +0000] [136] [INFO] Booting worker with pid: 136
[2024-11-14 03:25:46 +0000] [137] [INFO] Booting worker with pid: 137
[2024-11-14 03:25:46 +0000] [138] [INFO] Booting worker with pid: 138
[2024-11-14 03:25:46 +0000] [139] [INFO] Booting worker with pid: 139
[2024-11-14 03:25:46 +0000] [140] [INFO] Booting worker with pid: 140
[2024-11-14 03:25:46 +0000] [141] [INFO] Booting worker with pid: 141
[2024-11-14 03:25:46 +0000] [142] [INFO] Booting worker with pid: 142
[2024-11-14 03:25:47 +0000] [143] [INFO] Booting worker with pid: 143
[2024-11-14 03:25:47 +0000] [144] [INFO] Booting worker with pid: 144
[2024-11-14 03:25:47 +0000] [145] [INFO] Booting worker with pid: 145
[2024-11-14 03:25:47 +0000] [146] [INFO] Booting worker with pid: 146
[2024-11-14 03:25:47 +0000] [147] [INFO] Booting worker with pid: 147
[2024-11-14 03:25:47 +0000] [148] [INFO] Booting worker with pid: 148
[2024-11-14 03:25:47 +0000] [153] [INFO] Booting worker with pid: 153
[2024-11-14 04:49:49 +0000] [116] [INFO] Handling signal: term
[2024-11-14 04:49:49 +0000] [148] [INFO] Worker exiting (pid: 148)
[2024-11-14 04:49:49 +0000] [147] [INFO] Worker exiting (pid: 147)
[2024-11-14 04:49:49 +0000] [140] [INFO] Worker exiting (pid: 140)
[2024-11-14 04:49:49 +0000] [146] [INFO] Worker exiting (pid: 146)
[2024-11-14 04:49:49 +0000] [153] [INFO] Worker exiting (pid: 153)
[2024-11-14 04:49:49 +0000] [136] [INFO] Worker exiting (pid: 136)
[2024-11-14 04:49:49 +0000] [135] [INFO] Worker exiting (pid: 135)
[2024-11-14 04:49:50 +0000] [145] [INFO] Worker exiting (pid: 145)
[2024-11-14 04:49:50 +0000] [144] [INFO] Worker exiting (pid: 144)
[2024-11-14 04:49:50 +0000] [141] [INFO] Worker exiting (pid: 141)
[2024-11-14 04:49:50 +0000] [137] [INFO] Worker exiting (pid: 137)
[2024-11-14 04:49:50 +0000] [139] [INFO] Worker exiting (pid: 139)
[2024-11-14 04:49:50 +0000] [142] [INFO] Worker exiting (pid: 142)
[2024-11-14 04:49:49 +0000] [143] [INFO] Worker exiting (pid: 143)
[2024-11-14 04:49:50 +0000] [138] [INFO] Worker exiting (pid: 138)
[2024-11-14 04:49:51 +0000] [134] [INFO] Worker exiting (pid: 134)
[2024-11-14 06:33:18 +0000] [117] [INFO] Starting gunicorn 21.2.0
[2024-11-14 06:33:18 +0000] [117] [INFO] Listening at: http://127.0.0.1:8080 (117)
[2024-11-14 06:33:18 +0000] [117] [INFO] Using worker: gthread
[2024-11-14 06:33:18 +0000] [135] [INFO] Booting worker with pid: 135
[2024-11-14 06:33:18 +0000] [136] [INFO] Booting worker with pid: 136
[2024-11-14 06:33:18 +0000] [137] [INFO] Booting worker with pid: 137
[2024-11-14 06:33:18 +0000] [138] [INFO] Booting worker with pid: 138
[2024-11-14 06:33:18 +0000] [139] [INFO] Booting worker with pid: 139
[2024-11-14 06:33:19 +0000] [140] [INFO] Booting worker with pid: 140
[2024-11-14 06:33:19 +0000] [141] [INFO] Booting worker with pid: 141
[2024-11-14 06:33:19 +0000] [142] [INFO] Booting worker with pid: 142
[2024-11-14 06:33:19 +0000] [143] [INFO] Booting worker with pid: 143
[2024-11-14 06:33:19 +0000] [144] [INFO] Booting worker with pid: 144
[2024-11-14 06:33:19 +0000] [145] [INFO] Booting worker with pid: 145
[2024-11-14 06:33:19 +0000] [146] [INFO] Booting worker with pid: 146
[2024-11-14 06:33:19 +0000] [147] [INFO] Booting worker with pid: 147
[2024-11-14 06:33:19 +0000] [148] [INFO] Booting worker with pid: 148
[2024-11-14 06:33:19 +0000] [149] [INFO] Booting worker with pid: 149
[2024-11-14 06:33:19 +0000] [152] [INFO] Booting worker with pid: 152
[2024-11-14 06:41:56 +0000] [117] [INFO] Handling signal: term
[2024-11-14 06:41:57 +0000] [136] [INFO] Worker exiting (pid: 136)
[2024-11-14 06:41:57 +0000] [139] [INFO] Worker exiting (pid: 139)
[2024-11-14 06:41:57 +0000] [147] [INFO] Worker exiting (pid: 147)
[2024-11-14 06:41:57 +0000] [144] [INFO] Worker exiting (pid: 144)
[2024-11-14 06:41:57 +0000] [149] [INFO] Worker exiting (pid: 149)
[2024-11-14 06:41:57 +0000] [143] [INFO] Worker exiting (pid: 143)
[2024-11-14 06:41:57 +0000] [142] [INFO] Worker exiting (pid: 142)
[2024-11-14 06:41:57 +0000] [141] [INFO] Worker exiting (pid: 141)
[2024-11-14 06:41:57 +0000] [152] [INFO] Worker exiting (pid: 152)
[2024-11-14 06:41:57 +0000] [148] [INFO] Worker exiting (pid: 148)
[2024-11-14 06:41:57 +0000] [137] [INFO] Worker exiting (pid: 137)
[2024-11-14 06:41:57 +0000] [146] [INFO] Worker exiting (pid: 146)
[2024-11-14 06:41:57 +0000] [145] [INFO] Worker exiting (pid: 145)
[2024-11-14 06:41:57 +0000] [138] [INFO] Worker exiting (pid: 138)
[2024-11-14 06:41:57 +0000] [140] [INFO] Worker exiting (pid: 140)
[2024-11-14 06:41:57 +0000] [135] [INFO] Worker exiting (pid: 135)
[2024-11-15 12:45:20 +0000] [198] [INFO] Starting gunicorn 21.2.0
[2024-11-15 12:45:20 +0000] [198] [INFO] Listening at: http://127.0.0.1:8080 (198)
[2024-11-15 12:45:20 +0000] [198] [INFO] Using worker: gthread
[2024-11-15 12:45:20 +0000] [216] [INFO] Booting worker with pid: 216
[2024-11-15 12:45:20 +0000] [217] [INFO] Booting worker with pid: 217
[2024-11-15 12:45:20 +0000] [218] [INFO] Booting worker with pid: 218
[2024-11-15 12:45:20 +0000] [219] [INFO] Booting worker with pid: 219
[2024-11-15 12:45:20 +0000] [220] [INFO] Booting worker with pid: 220
[2024-11-15 12:45:20 +0000] [221] [INFO] Booting worker with pid: 221
[2024-11-15 12:45:20 +0000] [222] [INFO] Booting worker with pid: 222
[2024-11-15 12:45:20 +0000] [223] [INFO] Booting worker with pid: 223
[2024-11-15 12:45:20 +0000] [224] [INFO] Booting worker with pid: 224
[2024-11-15 12:45:20 +0000] [225] [INFO] Booting worker with pid: 225
[2024-11-15 12:45:20 +0000] [226] [INFO] Booting worker with pid: 226
[2024-11-15 12:45:20 +0000] [227] [INFO] Booting worker with pid: 227
[2024-11-15 12:45:21 +0000] [228] [INFO] Booting worker with pid: 228
[2024-11-15 12:45:21 +0000] [229] [INFO] Booting worker with pid: 229
[2024-11-15 12:45:21 +0000] [230] [INFO] Booting worker with pid: 230
[2024-11-15 12:45:21 +0000] [231] [INFO] Booting worker with pid: 231
[2024-11-15 12:51:11 +0000] [198] [INFO] Handling signal: term
[2024-11-15 12:51:12 +0000] [230] [INFO] Worker exiting (pid: 230)
[2024-11-15 12:51:12 +0000] [224] [INFO] Worker exiting (pid: 224)
[2024-11-15 12:51:12 +0000] [222] [INFO] Worker exiting (pid: 222)
[2024-11-15 12:51:12 +0000] [221] [INFO] Worker exiting (pid: 221)
[2024-11-15 12:51:12 +0000] [229] [INFO] Worker exiting (pid: 229)
[2024-11-15 12:51:13 +0000] [218] [INFO] Worker exiting (pid: 218)
[2024-11-15 12:51:13 +0000] [231] [INFO] Worker exiting (pid: 231)
[2024-11-15 12:51:13 +0000] [217] [INFO] Worker exiting (pid: 217)
[2024-11-15 12:51:13 +0000] [220] [INFO] Worker exiting (pid: 220)
[2024-11-15 12:51:13 +0000] [225] [INFO] Worker exiting (pid: 225)
[2024-11-15 12:51:13 +0000] [216] [INFO] Worker exiting (pid: 216)
[2024-11-15 12:51:13 +0000] [223] [INFO] Worker exiting (pid: 223)
[2024-11-15 12:51:13 +0000] [227] [INFO] Worker exiting (pid: 227)
[2024-11-15 12:51:13 +0000] [228] [INFO] Worker exiting (pid: 228)
[2024-11-15 12:51:13 +0000] [219] [INFO] Worker exiting (pid: 219)
[2024-11-15 12:51:13 +0000] [226] [INFO] Worker exiting (pid: 226)
[2024-11-18 10:27:05 +0000] [188] [INFO] Starting gunicorn 21.2.0
[2024-11-18 10:27:05 +0000] [188] [INFO] Listening at: http://127.0.0.1:8080 (188)
[2024-11-18 10:27:05 +0000] [188] [INFO] Using worker: gthread
[2024-11-18 10:27:05 +0000] [206] [INFO] Booting worker with pid: 206
[2024-11-18 10:27:05 +0000] [207] [INFO] Booting worker with pid: 207
[2024-11-18 10:27:05 +0000] [208] [INFO] Booting worker with pid: 208
[2024-11-18 10:27:05 +0000] [209] [INFO] Booting worker with pid: 209
[2024-11-18 10:27:05 +0000] [210] [INFO] Booting worker with pid: 210
[2024-11-18 10:27:05 +0000] [211] [INFO] Booting worker with pid: 211
[2024-11-18 10:27:05 +0000] [212] [INFO] Booting worker with pid: 212
[2024-11-18 10:27:05 +0000] [213] [INFO] Booting worker with pid: 213
[2024-11-18 10:27:05 +0000] [214] [INFO] Booting worker with pid: 214
[2024-11-18 10:27:05 +0000] [215] [INFO] Booting worker with pid: 215
[2024-11-18 10:27:05 +0000] [216] [INFO] Booting worker with pid: 216
[2024-11-18 10:27:05 +0000] [217] [INFO] Booting worker with pid: 217
[2024-11-18 10:27:05 +0000] [218] [INFO] Booting worker with pid: 218
[2024-11-18 10:27:05 +0000] [219] [INFO] Booting worker with pid: 219
[2024-11-18 10:27:05 +0000] [220] [INFO] Booting worker with pid: 220
[2024-11-18 10:27:05 +0000] [222] [INFO] Booting worker with pid: 222
[2024-11-18 10:30:57 +0000] [210] [INFO] Starting gunicorn 21.2.0
[2024-11-18 10:30:57 +0000] [210] [INFO] Listening at: http://127.0.0.1:8080 (210)
[2024-11-18 10:30:57 +0000] [210] [INFO] Using worker: gthread
[2024-11-18 10:30:57 +0000] [228] [INFO] Booting worker with pid: 228
[2024-11-18 10:30:57 +0000] [229] [INFO] Booting worker with pid: 229
[2024-11-18 10:30:57 +0000] [230] [INFO] Booting worker with pid: 230
[2024-11-18 10:30:57 +0000] [231] [INFO] Booting worker with pid: 231
[2024-11-18 10:30:57 +0000] [232] [INFO] Booting worker with pid: 232
[2024-11-18 10:30:57 +0000] [233] [INFO] Booting worker with pid: 233
[2024-11-18 10:30:57 +0000] [234] [INFO] Booting worker with pid: 234
[2024-11-18 10:30:57 +0000] [235] [INFO] Booting worker with pid: 235
[2024-11-18 10:30:57 +0000] [236] [INFO] Booting worker with pid: 236
[2024-11-18 10:30:57 +0000] [237] [INFO] Booting worker with pid: 237
[2024-11-18 10:30:57 +0000] [238] [INFO] Booting worker with pid: 238
[2024-11-18 10:30:57 +0000] [239] [INFO] Booting worker with pid: 239
[2024-11-18 10:30:58 +0000] [240] [INFO] Booting worker with pid: 240
[2024-11-18 10:30:58 +0000] [241] [INFO] Booting worker with pid: 241
[2024-11-18 10:30:58 +0000] [242] [INFO] Booting worker with pid: 242
[2024-11-18 10:30:58 +0000] [243] [INFO] Booting worker with pid: 243
[2024-11-18 10:31:41 +0000] [186] [INFO] Starting gunicorn 21.2.0
[2024-11-18 10:31:41 +0000] [186] [INFO] Listening at: http://127.0.0.1:8080 (186)
[2024-11-18 10:31:41 +0000] [186] [INFO] Using worker: gthread
[2024-11-18 10:31:41 +0000] [204] [INFO] Booting worker with pid: 204
[2024-11-18 10:31:41 +0000] [205] [INFO] Booting worker with pid: 205
[2024-11-18 10:31:41 +0000] [206] [INFO] Booting worker with pid: 206
[2024-11-18 10:31:41 +0000] [207] [INFO] Booting worker with pid: 207
[2024-11-18 10:31:41 +0000] [208] [INFO] Booting worker with pid: 208
[2024-11-18 10:31:41 +0000] [209] [INFO] Booting worker with pid: 209
[2024-11-18 10:31:41 +0000] [210] [INFO] Booting worker with pid: 210
[2024-11-18 10:31:41 +0000] [211] [INFO] Booting worker with pid: 211
[2024-11-18 10:31:42 +0000] [212] [INFO] Booting worker with pid: 212
[2024-11-18 10:31:42 +0000] [213] [INFO] Booting worker with pid: 213
[2024-11-18 10:31:42 +0000] [214] [INFO] Booting worker with pid: 214
[2024-11-18 10:31:42 +0000] [215] [INFO] Booting worker with pid: 215
[2024-11-18 10:31:42 +0000] [216] [INFO] Booting worker with pid: 216
[2024-11-18 10:31:42 +0000] [217] [INFO] Booting worker with pid: 217
[2024-11-18 10:31:42 +0000] [218] [INFO] Booting worker with pid: 218
[2024-11-18 10:31:42 +0000] [219] [INFO] Booting worker with pid: 219
[2024-11-18 11:33:49 +0000] [186] [INFO] Handling signal: term
[2024-11-18 11:33:50 +0000] [205] [INFO] Worker exiting (pid: 205)
[2024-11-18 11:33:50 +0000] [207] [INFO] Worker exiting (pid: 207)
[2024-11-18 11:33:50 +0000] [211] [INFO] Worker exiting (pid: 211)
[2024-11-18 11:33:50 +0000] [208] [INFO] Worker exiting (pid: 208)
[2024-11-18 11:33:50 +0000] [209] [INFO] Worker exiting (pid: 209)
[2024-11-18 11:33:50 +0000] [210] [INFO] Worker exiting (pid: 210)
[2024-11-18 11:33:50 +0000] [206] [INFO] Worker exiting (pid: 206)
[2024-11-18 11:33:50 +0000] [204] [INFO] Worker exiting (pid: 204)
[2024-11-18 11:33:50 +0000] [213] [INFO] Worker exiting (pid: 213)
[2024-11-18 11:33:50 +0000] [212] [INFO] Worker exiting (pid: 212)
[2024-11-18 11:33:50 +0000] [214] [INFO] Worker exiting (pid: 214)
[2024-11-18 11:33:50 +0000] [217] [INFO] Worker exiting (pid: 217)
[2024-11-18 11:33:50 +0000] [219] [INFO] Worker exiting (pid: 219)
[2024-11-18 11:33:50 +0000] [215] [INFO] Worker exiting (pid: 215)
[2024-11-18 11:33:50 +0000] [216] [INFO] Worker exiting (pid: 216)
[2024-11-18 11:33:50 +0000] [218] [INFO] Worker exiting (pid: 218)
[2024-11-18 11:34:12 +0000] [186] [INFO] Starting gunicorn 21.2.0
[2024-11-18 11:34:12 +0000] [186] [INFO] Listening at: http://127.0.0.1:8080 (186)
[2024-11-18 11:34:12 +0000] [186] [INFO] Using worker: gthread
[2024-11-18 11:34:12 +0000] [204] [INFO] Booting worker with pid: 204
[2024-11-18 11:34:12 +0000] [205] [INFO] Booting worker with pid: 205
[2024-11-18 11:34:12 +0000] [206] [INFO] Booting worker with pid: 206
[2024-11-18 11:34:12 +0000] [207] [INFO] Booting worker with pid: 207
[2024-11-18 11:34:12 +0000] [208] [INFO] Booting worker with pid: 208
[2024-11-18 11:34:12 +0000] [209] [INFO] Booting worker with pid: 209
[2024-11-18 11:34:12 +0000] [210] [INFO] Booting worker with pid: 210
[2024-11-18 11:34:12 +0000] [211] [INFO] Booting worker with pid: 211
[2024-11-18 11:34:12 +0000] [212] [INFO] Booting worker with pid: 212
[2024-11-18 11:34:12 +0000] [213] [INFO] Booting worker with pid: 213
[2024-11-18 11:34:12 +0000] [214] [INFO] Booting worker with pid: 214
[2024-11-18 11:34:12 +0000] [215] [INFO] Booting worker with pid: 215
[2024-11-18 11:34:12 +0000] [216] [INFO] Booting worker with pid: 216
[2024-11-18 11:34:13 +0000] [217] [INFO] Booting worker with pid: 217
[2024-11-18 11:34:13 +0000] [218] [INFO] Booting worker with pid: 218
[2024-11-18 11:34:13 +0000] [219] [INFO] Booting worker with pid: 219
[2024-11-18 13:38:22 +0000] [186] [CRITICAL] WORKER TIMEOUT (pid:219)
[2024-11-18 13:38:22 +0000] [219] [INFO] Worker exiting (pid: 219)
[2024-11-18 13:38:24 +0000] [186] [ERROR] Worker (pid:219) exited with code 1
[2024-11-18 13:38:24 +0000] [186] [ERROR] Worker (pid:219) exited with code 1.
[2024-11-18 13:38:24 +0000] [8240] [INFO] Booting worker with pid: 8240
[2024-11-18 13:54:59 +0000] [186] [INFO] Handling signal: term
[2024-11-18 13:55:00 +0000] [207] [INFO] Worker exiting (pid: 207)
[2024-11-18 13:55:00 +0000] [206] [INFO] Worker exiting (pid: 206)
[2024-11-18 13:55:00 +0000] [209] [INFO] Worker exiting (pid: 209)
[2024-11-18 13:55:00 +0000] [216] [INFO] Worker exiting (pid: 216)
[2024-11-18 13:55:00 +0000] [210] [INFO] Worker exiting (pid: 210)
[2024-11-18 13:55:00 +0000] [208] [INFO] Worker exiting (pid: 208)
[2024-11-18 13:55:00 +0000] [212] [INFO] Worker exiting (pid: 212)
[2024-11-18 13:55:00 +0000] [213] [INFO] Worker exiting (pid: 213)
[2024-11-18 13:55:00 +0000] [218] [INFO] Worker exiting (pid: 218)
[2024-11-18 13:55:00 +0000] [204] [INFO] Worker exiting (pid: 204)
[2024-11-18 13:55:00 +0000] [215] [INFO] Worker exiting (pid: 215)
[2024-11-18 13:55:00 +0000] [205] [INFO] Worker exiting (pid: 205)
[2024-11-18 13:55:00 +0000] [217] [INFO] Worker exiting (pid: 217)
[2024-11-18 13:55:00 +0000] [211] [INFO] Worker exiting (pid: 211)
[2024-11-18 13:55:00 +0000] [8240] [INFO] Worker exiting (pid: 8240)
[2024-11-18 13:55:00 +0000] [214] [INFO] Worker exiting (pid: 214)
[2024-11-21 01:41:37 +0000] [180] [INFO] Starting gunicorn 21.2.0
[2024-11-21 01:41:37 +0000] [180] [INFO] Listening at: http://127.0.0.1:8080 (180)
[2024-11-21 01:41:37 +0000] [180] [INFO] Using worker: gthread
[2024-11-21 01:41:37 +0000] [204] [INFO] Booting worker with pid: 204
[2024-11-21 01:41:37 +0000] [205] [INFO] Booting worker with pid: 205
[2024-11-21 01:41:37 +0000] [206] [INFO] Booting worker with pid: 206
[2024-11-21 01:41:37 +0000] [207] [INFO] Booting worker with pid: 207
[2024-11-21 01:41:37 +0000] [208] [INFO] Booting worker with pid: 208
[2024-11-21 01:41:37 +0000] [209] [INFO] Booting worker with pid: 209
[2024-11-21 01:41:37 +0000] [210] [INFO] Booting worker with pid: 210
[2024-11-21 01:41:37 +0000] [211] [INFO] Booting worker with pid: 211
[2024-11-21 01:41:37 +0000] [212] [INFO] Booting worker with pid: 212
[2024-11-21 01:41:37 +0000] [213] [INFO] Booting worker with pid: 213
[2024-11-21 01:41:37 +0000] [214] [INFO] Booting worker with pid: 214
[2024-11-21 01:41:37 +0000] [215] [INFO] Booting worker with pid: 215
[2024-11-21 01:41:37 +0000] [216] [INFO] Booting worker with pid: 216
[2024-11-21 01:41:37 +0000] [217] [INFO] Booting worker with pid: 217
[2024-11-21 01:41:37 +0000] [218] [INFO] Booting worker with pid: 218
[2024-11-21 01:41:38 +0000] [219] [INFO] Booting worker with pid: 219
[2024-11-21 10:43:58 +0000] [187] [INFO] Starting gunicorn 21.2.0
[2024-11-21 10:43:58 +0000] [187] [INFO] Listening at: http://127.0.0.1:8080 (187)
[2024-11-21 10:43:58 +0000] [187] [INFO] Using worker: gthread
[2024-11-21 10:43:58 +0000] [205] [INFO] Booting worker with pid: 205
[2024-11-21 10:43:58 +0000] [206] [INFO] Booting worker with pid: 206
[2024-11-21 10:43:58 +0000] [207] [INFO] Booting worker with pid: 207
[2024-11-21 10:43:58 +0000] [208] [INFO] Booting worker with pid: 208
[2024-11-21 10:43:59 +0000] [209] [INFO] Booting worker with pid: 209
[2024-11-21 10:43:59 +0000] [210] [INFO] Booting worker with pid: 210
[2024-11-21 10:43:59 +0000] [211] [INFO] Booting worker with pid: 211
[2024-11-21 10:43:59 +0000] [212] [INFO] Booting worker with pid: 212
[2024-11-21 10:43:59 +0000] [213] [INFO] Booting worker with pid: 213
[2024-11-21 10:43:59 +0000] [214] [INFO] Booting worker with pid: 214
[2024-11-21 10:43:59 +0000] [215] [INFO] Booting worker with pid: 215
[2024-11-21 10:43:59 +0000] [216] [INFO] Booting worker with pid: 216
[2024-11-21 10:43:59 +0000] [217] [INFO] Booting worker with pid: 217
[2024-11-21 10:43:59 +0000] [223] [INFO] Booting worker with pid: 223
[2024-11-21 10:43:59 +0000] [231] [INFO] Booting worker with pid: 231
[2024-11-21 10:43:59 +0000] [236] [INFO] Booting worker with pid: 236
[2024-11-21 10:48:01 +0000] [187] [INFO] Handling signal: term
[2024-11-21 10:48:01 +0000] [208] [INFO] Worker exiting (pid: 208)
[2024-11-21 10:48:01 +0000] [205] [INFO] Worker exiting (pid: 205)
[2024-11-21 10:48:01 +0000] [206] [INFO] Worker exiting (pid: 206)
[2024-11-21 10:48:01 +0000] [207] [INFO] Worker exiting (pid: 207)
[2024-11-21 10:48:01 +0000] [209] [INFO] Worker exiting (pid: 209)
[2024-11-21 10:48:01 +0000] [210] [INFO] Worker exiting (pid: 210)
[2024-11-21 10:48:01 +0000] [211] [INFO] Worker exiting (pid: 211)
[2024-11-21 10:48:01 +0000] [217] [INFO] Worker exiting (pid: 217)
[2024-11-21 10:48:56 +0000] [239] [INFO] Starting gunicorn 21.2.0
[2024-11-21 10:48:56 +0000] [239] [INFO] Listening at: http://127.0.0.1:8080 (239)
[2024-11-21 10:48:56 +0000] [239] [INFO] Using worker: gthread
[2024-11-21 10:48:56 +0000] [257] [INFO] Booting worker with pid: 257
[2024-11-21 10:48:56 +0000] [258] [INFO] Booting worker with pid: 258
[2024-11-21 10:48:56 +0000] [259] [INFO] Booting worker with pid: 259
[2024-11-21 10:48:56 +0000] [260] [INFO] Booting worker with pid: 260
[2024-11-21 10:48:56 +0000] [261] [INFO] Booting worker with pid: 261
[2024-11-21 10:48:56 +0000] [262] [INFO] Booting worker with pid: 262
[2024-11-21 10:48:56 +0000] [263] [INFO] Booting worker with pid: 263
[2024-11-21 10:48:56 +0000] [264] [INFO] Booting worker with pid: 264
[2024-11-21 10:48:56 +0000] [265] [INFO] Booting worker with pid: 265
[2024-11-21 10:48:57 +0000] [266] [INFO] Booting worker with pid: 266
[2024-11-21 10:48:57 +0000] [267] [INFO] Booting worker with pid: 267
[2024-11-21 10:48:57 +0000] [268] [INFO] Booting worker with pid: 268
[2024-11-21 10:48:57 +0000] [269] [INFO] Booting worker with pid: 269
[2024-11-21 10:48:57 +0000] [270] [INFO] Booting worker with pid: 270
[2024-11-21 10:48:57 +0000] [271] [INFO] Booting worker with pid: 271
[2024-11-21 10:48:57 +0000] [272] [INFO] Booting worker with pid: 272
[2024-11-21 10:49:37 +0000] [239] [INFO] Handling signal: term
[2024-11-21 10:49:37 +0000] [257] [INFO] Worker exiting (pid: 257)
[2024-11-21 10:49:37 +0000] [264] [INFO] Worker exiting (pid: 264)
[2024-11-21 10:49:37 +0000] [258] [INFO] Worker exiting (pid: 258)
[2024-11-21 10:49:37 +0000] [267] [INFO] Worker exiting (pid: 267)
[2024-11-21 10:49:37 +0000] [265] [INFO] Worker exiting (pid: 265)
[2024-11-21 10:49:37 +0000] [261] [INFO] Worker exiting (pid: 261)
[2024-11-21 10:49:37 +0000] [262] [INFO] Worker exiting (pid: 262)
[2024-11-21 10:49:37 +0000] [259] [INFO] Worker exiting (pid: 259)
[2024-11-21 10:49:37 +0000] [260] [INFO] Worker exiting (pid: 260)
[2024-11-21 10:49:37 +0000] [263] [INFO] Worker exiting (pid: 263)
[2024-11-21 10:49:37 +0000] [266] [INFO] Worker exiting (pid: 266)
[2024-11-21 10:49:37 +0000] [270] [INFO] Worker exiting (pid: 270)
[2024-11-21 10:49:37 +0000] [268] [INFO] Worker exiting (pid: 268)
[2024-11-21 10:49:38 +0000] [272] [INFO] Worker exiting (pid: 272)
[2024-11-21 10:49:38 +0000] [271] [INFO] Worker exiting (pid: 271)
[2024-11-21 10:49:38 +0000] [269] [INFO] Worker exiting (pid: 269)
[2024-11-21 10:49:38 +0000] [239] [INFO] Shutting down: Master
[2024-11-21 10:49:58 +0000] [190] [INFO] Starting gunicorn 21.2.0
[2024-11-21 10:49:58 +0000] [190] [INFO] Listening at: http://127.0.0.1:8080 (190)
[2024-11-21 10:49:58 +0000] [190] [INFO] Using worker: gthread
[2024-11-21 10:49:58 +0000] [208] [INFO] Booting worker with pid: 208
[2024-11-21 10:49:58 +0000] [209] [INFO] Booting worker with pid: 209
[2024-11-21 10:49:58 +0000] [210] [INFO] Booting worker with pid: 210
[2024-11-21 10:49:58 +0000] [211] [INFO] Booting worker with pid: 211
[2024-11-21 10:49:58 +0000] [212] [INFO] Booting worker with pid: 212
[2024-11-21 10:49:58 +0000] [213] [INFO] Booting worker with pid: 213
[2024-11-21 10:49:58 +0000] [214] [INFO] Booting worker with pid: 214
[2024-11-21 10:49:58 +0000] [215] [INFO] Booting worker with pid: 215
[2024-11-21 10:49:58 +0000] [216] [INFO] Booting worker with pid: 216
[2024-11-21 10:49:58 +0000] [217] [INFO] Booting worker with pid: 217
[2024-11-21 10:49:58 +0000] [218] [INFO] Booting worker with pid: 218
[2024-11-21 10:49:59 +0000] [219] [INFO] Booting worker with pid: 219
[2024-11-21 10:49:59 +0000] [220] [INFO] Booting worker with pid: 220
[2024-11-21 10:49:59 +0000] [222] [INFO] Booting worker with pid: 222
[2024-11-21 10:49:59 +0000] [228] [INFO] Booting worker with pid: 228
[2024-11-21 10:49:59 +0000] [230] [INFO] Booting worker with pid: 230
[2024-11-21 10:50:48 +0000] [190] [INFO] Handling signal: term
[2024-11-21 10:50:48 +0000] [222] [INFO] Worker exiting (pid: 222)
[2024-11-21 10:50:49 +0000] [213] [INFO] Worker exiting (pid: 213)
[2024-11-21 10:50:49 +0000] [212] [INFO] Worker exiting (pid: 212)
[2024-11-21 10:50:49 +0000] [220] [INFO] Worker exiting (pid: 220)
[2024-11-21 10:50:49 +0000] [230] [INFO] Worker exiting (pid: 230)
[2024-11-21 10:50:49 +0000] [208] [INFO] Worker exiting (pid: 208)
[2024-11-21 10:50:49 +0000] [209] [INFO] Worker exiting (pid: 209)
[2024-11-21 10:50:49 +0000] [210] [INFO] Worker exiting (pid: 210)
[2024-11-21 10:50:49 +0000] [214] [INFO] Worker exiting (pid: 214)
[2024-11-21 10:50:49 +0000] [228] [INFO] Worker exiting (pid: 228)
[2024-11-21 10:50:49 +0000] [211] [INFO] Worker exiting (pid: 211)
[2024-11-21 10:50:49 +0000] [216] [INFO] Worker exiting (pid: 216)
[2024-11-21 10:50:49 +0000] [215] [INFO] Worker exiting (pid: 215)
[2024-11-21 10:50:49 +0000] [217] [INFO] Worker exiting (pid: 217)
[2024-11-21 10:50:49 +0000] [219] [INFO] Worker exiting (pid: 219)
[2024-11-21 10:50:49 +0000] [218] [INFO] Worker exiting (pid: 218)
[2024-11-21 10:50:53 +0000] [190] [INFO] Shutting down: Master
[2024-11-23 13:58:00 +0000] [204] [INFO] Starting gunicorn 21.2.0
[2024-11-23 13:58:00 +0000] [204] [INFO] Listening at: http://127.0.0.1:8080 (204)
[2024-11-23 13:58:00 +0000] [204] [INFO] Using worker: gthread
[2024-11-23 13:58:00 +0000] [222] [INFO] Booting worker with pid: 222
[2024-11-23 13:58:00 +0000] [223] [INFO] Booting worker with pid: 223
[2024-11-23 13:58:00 +0000] [224] [INFO] Booting worker with pid: 224
[2024-11-23 13:58:00 +0000] [225] [INFO] Booting worker with pid: 225
[2024-11-23 13:58:00 +0000] [226] [INFO] Booting worker with pid: 226
[2024-11-23 13:58:00 +0000] [227] [INFO] Booting worker with pid: 227
[2024-11-23 13:58:00 +0000] [228] [INFO] Booting worker with pid: 228
[2024-11-23 13:58:00 +0000] [229] [INFO] Booting worker with pid: 229
[2024-11-23 13:58:00 +0000] [230] [INFO] Booting worker with pid: 230
[2024-11-23 13:58:00 +0000] [231] [INFO] Booting worker with pid: 231
[2024-11-23 13:58:00 +0000] [232] [INFO] Booting worker with pid: 232
[2024-11-23 13:58:00 +0000] [233] [INFO] Booting worker with pid: 233
[2024-11-23 13:58:00 +0000] [234] [INFO] Booting worker with pid: 234
[2024-11-23 13:58:01 +0000] [235] [INFO] Booting worker with pid: 235
[2024-11-23 13:58:01 +0000] [236] [INFO] Booting worker with pid: 236
[2024-11-23 13:58:01 +0000] [237] [INFO] Booting worker with pid: 237
[2024-11-23 15:03:32 +0000] [204] [INFO] Handling signal: term
[2024-11-23 15:03:33 +0000] [226] [INFO] Worker exiting (pid: 226)
[2024-11-23 15:03:33 +0000] [224] [INFO] Worker exiting (pid: 224)
[2024-11-23 15:03:33 +0000] [230] [INFO] Worker exiting (pid: 230)
[2024-11-23 15:03:33 +0000] [227] [INFO] Worker exiting (pid: 227)
[2024-11-23 15:03:33 +0000] [231] [INFO] Worker exiting (pid: 231)
[2024-11-23 15:03:33 +0000] [236] [INFO] Worker exiting (pid: 236)
[2024-11-23 15:03:33 +0000] [234] [INFO] Worker exiting (pid: 234)
[2024-11-23 15:03:33 +0000] [229] [INFO] Worker exiting (pid: 229)
[2024-11-23 15:03:33 +0000] [233] [INFO] Worker exiting (pid: 233)
[2024-11-23 15:03:33 +0000] [223] [INFO] Worker exiting (pid: 223)
[2024-11-23 15:03:33 +0000] [232] [INFO] Worker exiting (pid: 232)
[2024-11-23 15:03:33 +0000] [237] [INFO] Worker exiting (pid: 237)
[2024-11-23 15:03:33 +0000] [222] [INFO] Worker exiting (pid: 222)
[2024-11-23 15:03:33 +0000] [225] [INFO] Worker exiting (pid: 225)
[2024-11-23 15:03:33 +0000] [228] [INFO] Worker exiting (pid: 228)
[2024-11-23 15:03:33 +0000] [235] [INFO] Worker exiting (pid: 235)
[2024-11-24 10:47:31 +0000] [196] [INFO] Starting gunicorn 21.2.0
[2024-11-24 10:47:31 +0000] [196] [INFO] Listening at: http://127.0.0.1:8080 (196)
[2024-11-24 10:47:31 +0000] [196] [INFO] Using worker: gthread
[2024-11-24 10:47:31 +0000] [214] [INFO] Booting worker with pid: 214
[2024-11-24 10:47:31 +0000] [215] [INFO] Booting worker with pid: 215
[2024-11-24 10:47:31 +0000] [216] [INFO] Booting worker with pid: 216
[2024-11-24 10:47:31 +0000] [217] [INFO] Booting worker with pid: 217
[2024-11-24 10:47:31 +0000] [218] [INFO] Booting worker with pid: 218
[2024-11-24 10:47:31 +0000] [219] [INFO] Booting worker with pid: 219
[2024-11-24 10:47:31 +0000] [220] [INFO] Booting worker with pid: 220
[2024-11-24 10:47:31 +0000] [221] [INFO] Booting worker with pid: 221
[2024-11-24 10:47:31 +0000] [222] [INFO] Booting worker with pid: 222
[2024-11-24 10:47:31 +0000] [223] [INFO] Booting worker with pid: 223
[2024-11-24 10:47:31 +0000] [224] [INFO] Booting worker with pid: 224
[2024-11-24 10:47:31 +0000] [225] [INFO] Booting worker with pid: 225
[2024-11-24 10:47:32 +0000] [226] [INFO] Booting worker with pid: 226
[2024-11-24 10:47:32 +0000] [227] [INFO] Booting worker with pid: 227
[2024-11-24 10:47:32 +0000] [228] [INFO] Booting worker with pid: 228
[2024-11-24 10:47:32 +0000] [229] [INFO] Booting worker with pid: 229
[2024-11-24 11:13:14] - [DEBUG] - [dramatiq.broker.RedisBroker:184]  - Enqueueing message '7fd3f1f4-5d90-4adb-a51a-044f70e55afe' on queue 'default'.
[2024-11-24 11:29:03] - [DEBUG] - [dramatiq.broker.RedisBroker:184]  - Enqueueing message '253d5a3c-7431-4c35-902c-cbf560b27456' on queue 'default'.
[2024-11-24 11:35:50 +0000] [196] [INFO] Handling signal: term
[2024-11-24 11:35:51 +0000] [219] [INFO] Worker exiting (pid: 219)
[2024-11-24 11:35:51 +0000] [217] [INFO] Worker exiting (pid: 217)
[2024-11-24 11:35:51 +0000] [220] [INFO] Worker exiting (pid: 220)
[2024-11-24 11:35:51 +0000] [218] [INFO] Worker exiting (pid: 218)
[2024-11-24 11:35:51 +0000] [214] [INFO] Worker exiting (pid: 214)
[2024-11-24 11:35:51 +0000] [221] [INFO] Worker exiting (pid: 221)
[2024-11-24 11:35:51 +0000] [223] [INFO] Worker exiting (pid: 223)
[2024-11-24 11:35:51 +0000] [222] [INFO] Worker exiting (pid: 222)
[2024-11-24 11:35:51 +0000] [216] [INFO] Worker exiting (pid: 216)
[2024-11-24 11:35:51 +0000] [228] [INFO] Worker exiting (pid: 228)
[2024-11-24 11:35:51 +0000] [215] [INFO] Worker exiting (pid: 215)
[2024-11-24 11:35:51 +0000] [225] [INFO] Worker exiting (pid: 225)
[2024-11-24 11:35:51 +0000] [227] [INFO] Worker exiting (pid: 227)
[2024-11-24 11:35:51 +0000] [226] [INFO] Worker exiting (pid: 226)
[2024-11-24 11:35:51 +0000] [229] [INFO] Worker exiting (pid: 229)
[2024-11-24 11:35:51 +0000] [224] [INFO] Worker exiting (pid: 224)
[2024-11-25 14:29:33 +0000] [205] [INFO] Starting gunicorn 21.2.0
[2024-11-25 14:29:33 +0000] [205] [INFO] Listening at: http://127.0.0.1:8080 (205)
[2024-11-25 14:29:33 +0000] [205] [INFO] Using worker: gthread
[2024-11-25 14:29:33 +0000] [223] [INFO] Booting worker with pid: 223
[2024-11-25 14:29:33 +0000] [224] [INFO] Booting worker with pid: 224
[2024-11-25 14:29:33 +0000] [225] [INFO] Booting worker with pid: 225
[2024-11-25 14:29:33 +0000] [226] [INFO] Booting worker with pid: 226
[2024-11-25 14:29:33 +0000] [227] [INFO] Booting worker with pid: 227
[2024-11-25 14:29:33 +0000] [228] [INFO] Booting worker with pid: 228
[2024-11-25 14:29:33 +0000] [229] [INFO] Booting worker with pid: 229
[2024-11-25 14:29:33 +0000] [230] [INFO] Booting worker with pid: 230
[2024-11-25 14:29:33 +0000] [231] [INFO] Booting worker with pid: 231
[2024-11-25 14:29:33 +0000] [232] [INFO] Booting worker with pid: 232
[2024-11-25 14:29:33 +0000] [233] [INFO] Booting worker with pid: 233
[2024-11-25 14:29:33 +0000] [235] [INFO] Booting worker with pid: 235
[2024-11-25 14:29:33 +0000] [237] [INFO] Booting worker with pid: 237
[2024-11-25 14:29:33 +0000] [238] [INFO] Booting worker with pid: 238
[2024-11-25 14:29:33 +0000] [236] [INFO] Booting worker with pid: 236
[2024-11-25 14:29:33 +0000] [234] [INFO] Booting worker with pid: 234
[2024-11-25 14:51:37] - [DEBUG] - [dramatiq.broker.RedisBroker:184]  - Enqueueing message '3c27ece6-63f6-45d6-bb42-d2e905d54f2e' on queue 'default'.
[2024-11-25 14:52:23] - [DEBUG] - [dramatiq.broker.RedisBroker:184]  - Enqueueing message 'e28e3f2c-30dc-4899-846f-dbb8d959a61f' on queue 'default'.
[2024-11-25 14:53:35] - [DEBUG] - [dramatiq.broker.RedisBroker:184]  - Enqueueing message '381d2a88-ef9d-4291-b882-3ab7854fa3f0' on queue 'default'.
[2024-11-25 15:16:19 +0000] [205] [INFO] Handling signal: term
[2024-11-25 15:16:19 +0000] [229] [INFO] Worker exiting (pid: 229)
[2024-11-25 15:16:19 +0000] [223] [INFO] Worker exiting (pid: 223)
[2024-11-25 15:16:19 +0000] [231] [INFO] Worker exiting (pid: 231)
[2024-11-25 15:16:19 +0000] [232] [INFO] Worker exiting (pid: 232)
[2024-11-25 15:16:19 +0000] [233] [INFO] Worker exiting (pid: 233)
[2024-11-25 15:16:19 +0000] [234] [INFO] Worker exiting (pid: 234)
[2024-11-25 15:16:19 +0000] [226] [INFO] Worker exiting (pid: 226)
[2024-11-25 15:16:19 +0000] [237] [INFO] Worker exiting (pid: 237)
[2024-11-25 15:16:19 +0000] [238] [INFO] Worker exiting (pid: 238)
[2024-11-25 15:16:19 +0000] [228] [INFO] Worker exiting (pid: 228)
[2024-11-25 15:16:19 +0000] [236] [INFO] Worker exiting (pid: 236)
[2024-11-25 15:16:19 +0000] [227] [INFO] Worker exiting (pid: 227)
[2024-11-25 15:16:19 +0000] [235] [INFO] Worker exiting (pid: 235)
[2024-11-25 15:16:19 +0000] [225] [INFO] Worker exiting (pid: 225)
[2024-11-25 15:16:19 +0000] [230] [INFO] Worker exiting (pid: 230)
[2024-11-25 15:16:20 +0000] [224] [INFO] Worker exiting (pid: 224)
