[2024-09-25 13:35:23 +0000] [1] [INFO] Starting gunicorn 21.2.0
[2024-09-25 13:35:23 +0000] [1] [INFO] Listening at: http://0.0.0.0:8080 (1)
[2024-09-25 13:35:23 +0000] [1] [INFO] Using worker: gthread
[2024-09-25 13:35:23 +0000] [14] [INFO] Booting worker with pid: 14
[2024-09-25 13:35:23 +0000] [15] [INFO] Booting worker with pid: 15
[2024-09-25 13:35:23 +0000] [16] [INFO] Booting worker with pid: 16
[2024-09-25 13:35:24 +0000] [17] [INFO] Booting worker with pid: 17
[2024-09-25 13:35:24 +0000] [18] [INFO] Booting worker with pid: 18
[2024-09-25 13:35:24 +0000] [19] [INFO] Booting worker with pid: 19
[2024-09-25 13:35:24 +0000] [20] [INFO] Booting worker with pid: 20
[2024-09-25 13:35:24 +0000] [21] [INFO] Booting worker with pid: 21
[2024-09-25 13:35:24 +0000] [22] [INFO] Booting worker with pid: 22
[2024-09-25 13:35:24 +0000] [23] [INFO] Booting worker with pid: 23
[2024-09-25 13:35:24 +0000] [24] [INFO] Booting worker with pid: 24
[2024-09-25 13:35:24 +0000] [25] [INFO] Booting worker with pid: 25
[2024-09-25 13:35:24 +0000] [26] [INFO] Booting worker with pid: 26
[2024-09-25 13:35:24 +0000] [27] [INFO] Booting worker with pid: 27
[2024-09-25 13:35:24 +0000] [28] [INFO] Booting worker with pid: 28
[2024-09-25 13:35:24 +0000] [29] [INFO] Booting worker with pid: 29
[2024-09-25 23:42:10 +0000] [1] [CRITICAL] WORKER TIMEOUT (pid:16)
[2024-09-25 23:42:10 +0000] [1] [CRITICAL] WORKER TIMEOUT (pid:17)
[2024-09-25 23:42:10 +0000] [1] [CRITICAL] WORKER TIMEOUT (pid:20)
[2024-09-25 23:42:10 +0000] [1] [CRITICAL] WORKER TIMEOUT (pid:21)
[2024-09-25 23:42:10 +0000] [1] [CRITICAL] WORKER TIMEOUT (pid:22)
[2024-09-25 23:42:10 +0000] [1] [CRITICAL] WORKER TIMEOUT (pid:23)
[2024-09-25 23:42:10 +0000] [1] [CRITICAL] WORKER TIMEOUT (pid:25)
[2024-09-25 23:42:10 +0000] [1] [CRITICAL] WORKER TIMEOUT (pid:26)
[2024-09-25 23:42:10 +0000] [1] [CRITICAL] WORKER TIMEOUT (pid:27)
[2024-09-25 23:42:10 +0000] [1] [CRITICAL] WORKER TIMEOUT (pid:28)
[2024-09-25 23:42:10 +0000] [1] [CRITICAL] WORKER TIMEOUT (pid:29)
[2024-09-25 23:42:10 +0000] [22] [INFO] Worker exiting (pid: 22)
[2024-09-25 23:42:10 +0000] [21] [INFO] Worker exiting (pid: 21)
[2024-09-25 23:42:10 +0000] [25] [INFO] Worker exiting (pid: 25)
[2024-09-25 23:42:10 +0000] [17] [INFO] Worker exiting (pid: 17)
[2024-09-25 23:42:10 +0000] [20] [INFO] Worker exiting (pid: 20)
[2024-09-25 23:42:10 +0000] [16] [INFO] Worker exiting (pid: 16)
[2024-09-25 23:42:10 +0000] [23] [INFO] Worker exiting (pid: 23)
[2024-09-25 23:42:10 +0000] [26] [INFO] Worker exiting (pid: 26)
[2024-09-25 23:42:10 +0000] [29] [INFO] Worker exiting (pid: 29)
[2024-09-25 23:42:10 +0000] [27] [INFO] Worker exiting (pid: 27)
[2024-09-25 23:42:10 +0000] [28] [INFO] Worker exiting (pid: 28)
[2024-09-25 23:42:11 +0000] [1] [ERROR] Worker (pid:16) was sent SIGKILL! Perhaps out of memory?
[2024-09-25 23:42:11 +0000] [1] [ERROR] Worker (pid:17) was sent SIGKILL! Perhaps out of memory?
[2024-09-25 23:42:11 +0000] [1] [ERROR] Worker (pid:20) was sent SIGKILL! Perhaps out of memory?
[2024-09-25 23:42:11 +0000] [1] [ERROR] Worker (pid:22) was sent SIGKILL! Perhaps out of memory?
[2024-09-25 23:42:11 +0000] [1] [ERROR] Worker (pid:23) was sent SIGKILL! Perhaps out of memory?
[2024-09-25 23:42:11 +0000] [1] [ERROR] Worker (pid:26) was sent SIGKILL! Perhaps out of memory?
[2024-09-25 23:42:11 +0000] [1] [ERROR] Worker (pid:28) was sent SIGKILL! Perhaps out of memory?
[2024-09-25 23:42:11 +0000] [1] [ERROR] Worker (pid:29) was sent SIGKILL! Perhaps out of memory?
[2024-09-25 23:42:11 +0000] [1] [ERROR] Worker (pid:21) was sent SIGKILL! Perhaps out of memory?
[2024-09-25 23:42:11 +0000] [1] [ERROR] Worker (pid:25) was sent SIGKILL! Perhaps out of memory?
[2024-09-25 23:42:11 +0000] [1] [ERROR] Worker (pid:27) was sent SIGKILL! Perhaps out of memory?
[2024-09-25 23:42:11 +0000] [26858] [INFO] Booting worker with pid: 26858
[2024-09-25 23:42:11 +0000] [26859] [INFO] Booting worker with pid: 26859
[2024-09-25 23:42:11 +0000] [26860] [INFO] Booting worker with pid: 26860
[2024-09-25 23:42:11 +0000] [26861] [INFO] Booting worker with pid: 26861
[2024-09-25 23:42:11 +0000] [26862] [INFO] Booting worker with pid: 26862
[2024-09-25 23:42:11 +0000] [26863] [INFO] Booting worker with pid: 26863
[2024-09-25 23:42:11 +0000] [26864] [INFO] Booting worker with pid: 26864
[2024-09-25 23:42:11 +0000] [26865] [INFO] Booting worker with pid: 26865
[2024-09-25 23:42:11 +0000] [26866] [INFO] Booting worker with pid: 26866
[2024-09-25 23:42:11 +0000] [26867] [INFO] Booting worker with pid: 26867
[2024-09-25 23:42:11 +0000] [26868] [INFO] Booting worker with pid: 26868
[2024-09-26 00:04:27 +0000] [1] [CRITICAL] WORKER TIMEOUT (pid:15)
[2024-09-26 00:04:27 +0000] [1] [CRITICAL] WORKER TIMEOUT (pid:26858)
[2024-09-26 00:04:27 +0000] [1] [CRITICAL] WORKER TIMEOUT (pid:26859)
[2024-09-26 00:04:27 +0000] [1] [CRITICAL] WORKER TIMEOUT (pid:26860)
[2024-09-26 00:04:27 +0000] [26859] [INFO] Worker exiting (pid: 26859)
[2024-09-26 00:04:27 +0000] [1] [CRITICAL] WORKER TIMEOUT (pid:26861)
[2024-09-26 00:04:27 +0000] [26858] [INFO] Worker exiting (pid: 26858)
[2024-09-26 00:04:27 +0000] [26860] [INFO] Worker exiting (pid: 26860)
[2024-09-26 00:04:27 +0000] [1] [CRITICAL] WORKER TIMEOUT (pid:26862)
[2024-09-26 00:04:27 +0000] [26861] [INFO] Worker exiting (pid: 26861)
[2024-09-26 00:04:27 +0000] [1] [CRITICAL] WORKER TIMEOUT (pid:26863)
[2024-09-26 00:04:27 +0000] [26862] [INFO] Worker exiting (pid: 26862)
[2024-09-26 00:04:27 +0000] [1] [CRITICAL] WORKER TIMEOUT (pid:26864)
[2024-09-26 00:04:27 +0000] [26863] [INFO] Worker exiting (pid: 26863)
[2024-09-26 00:04:27 +0000] [26864] [INFO] Worker exiting (pid: 26864)
[2024-09-26 00:04:27 +0000] [1] [CRITICAL] WORKER TIMEOUT (pid:26865)
[2024-09-26 00:04:27 +0000] [1] [CRITICAL] WORKER TIMEOUT (pid:26866)
[2024-09-26 00:04:27 +0000] [26865] [INFO] Worker exiting (pid: 26865)
[2024-09-26 00:04:27 +0000] [1] [CRITICAL] WORKER TIMEOUT (pid:26867)
[2024-09-26 00:04:27 +0000] [1] [CRITICAL] WORKER TIMEOUT (pid:26868)
[2024-09-26 00:04:27 +0000] [26867] [INFO] Worker exiting (pid: 26867)
[2024-09-26 00:04:27 +0000] [26866] [INFO] Worker exiting (pid: 26866)
[2024-09-26 00:04:27 +0000] [26868] [INFO] Worker exiting (pid: 26868)
[2024-09-26 00:04:27 +0000] [1] [ERROR] Worker (pid:26865) exited with code 1
[2024-09-26 00:04:27 +0000] [15] [INFO] Worker exiting (pid: 15)
[2024-09-26 00:04:27 +0000] [1] [ERROR] Worker (pid:26865) exited with code 1.
[2024-09-26 00:04:27 +0000] [26869] [INFO] Booting worker with pid: 26869
[2024-09-26 00:04:27 +0000] [26870] [INFO] Booting worker with pid: 26870
[2024-09-26 00:04:28 +0000] [26871] [INFO] Booting worker with pid: 26871
[2024-09-26 00:04:28 +0000] [26872] [INFO] Booting worker with pid: 26872
[2024-09-26 00:04:28 +0000] [26873] [INFO] Booting worker with pid: 26873
[2024-09-26 00:04:28 +0000] [26874] [INFO] Booting worker with pid: 26874
[2024-09-26 00:04:28 +0000] [26875] [INFO] Booting worker with pid: 26875
[2024-09-26 00:04:28 +0000] [26876] [INFO] Booting worker with pid: 26876
[2024-09-26 00:04:28 +0000] [26877] [INFO] Booting worker with pid: 26877
[2024-09-26 00:04:28 +0000] [26878] [INFO] Booting worker with pid: 26878
[2024-09-26 00:04:28 +0000] [26886] [INFO] Booting worker with pid: 26886
[2024-09-26 00:04:30 +0000] [1] [ERROR] Worker (pid:15) exited with code 1
[2024-09-26 00:04:30 +0000] [1] [ERROR] Worker (pid:15) exited with code 1.
[2024-09-26 00:04:30 +0000] [26887] [INFO] Booting worker with pid: 26887
[2024-09-26 01:02:08 +0000] [1] [CRITICAL] WORKER TIMEOUT (pid:18)
[2024-09-26 01:02:08 +0000] [18] [INFO] Worker exiting (pid: 18)
[2024-09-26 01:02:10 +0000] [1] [ERROR] Worker (pid:18) exited with code 1
[2024-09-26 01:02:10 +0000] [1] [ERROR] Worker (pid:18) exited with code 1.
[2024-09-26 01:02:10 +0000] [29362] [INFO] Booting worker with pid: 29362
[2024-09-26 01:29:36 +0000] [1] [CRITICAL] WORKER TIMEOUT (pid:26872)
[2024-09-26 01:29:36 +0000] [1] [CRITICAL] WORKER TIMEOUT (pid:26874)
[2024-09-26 01:29:36 +0000] [26874] [INFO] Worker exiting (pid: 26874)
[2024-09-26 01:29:36 +0000] [26872] [INFO] Worker exiting (pid: 26872)
[2024-09-26 01:29:37 +0000] [1] [ERROR] Worker (pid:26874) was sent SIGKILL! Perhaps out of memory?
[2024-09-26 01:29:37 +0000] [1] [ERROR] Worker (pid:26872) was sent SIGKILL! Perhaps out of memory?
[2024-09-26 01:29:37 +0000] [29370] [INFO] Booting worker with pid: 29370
[2024-09-26 01:29:37 +0000] [29371] [INFO] Booting worker with pid: 29371
[2024-09-26 04:37:03 +0000] [1] [INFO] Handling signal: term
[2024-09-26 04:37:03 +0000] [26870] [INFO] Worker exiting (pid: 26870)
[2024-09-26 04:37:03 +0000] [26877] [INFO] Worker exiting (pid: 26877)
[2024-09-26 04:37:03 +0000] [24] [INFO] Worker exiting (pid: 24)
[2024-09-26 04:37:03 +0000] [19] [INFO] Worker exiting (pid: 19)
[2024-09-26 04:37:03 +0000] [26878] [INFO] Worker exiting (pid: 26878)
[2024-09-26 04:37:03 +0000] [26887] [INFO] Worker exiting (pid: 26887)
[2024-09-26 04:37:03 +0000] [26876] [INFO] Worker exiting (pid: 26876)
[2024-09-26 04:37:03 +0000] [26875] [INFO] Worker exiting (pid: 26875)
[2024-09-26 04:37:03 +0000] [29370] [INFO] Worker exiting (pid: 29370)
[2024-09-26 04:37:04 +0000] [26869] [INFO] Worker exiting (pid: 26869)
[2024-09-26 04:37:04 +0000] [29371] [INFO] Worker exiting (pid: 29371)
[2024-09-26 04:37:04 +0000] [26886] [INFO] Worker exiting (pid: 26886)
[2024-09-26 04:37:04 +0000] [14] [INFO] Worker exiting (pid: 14)
[2024-09-26 04:37:04 +0000] [29362] [INFO] Worker exiting (pid: 29362)
[2024-09-26 04:37:04 +0000] [26873] [INFO] Worker exiting (pid: 26873)
[2024-09-26 04:37:04 +0000] [26871] [INFO] Worker exiting (pid: 26871)
[2024-09-26 04:37:05 +0000] [1] [INFO] Shutting down: Master
[2024-10-15 01:18:29 +0000] [1] [INFO] Starting gunicorn 21.2.0
[2024-10-15 01:18:29 +0000] [1] [INFO] Listening at: http://0.0.0.0:8080 (1)
[2024-10-15 01:18:29 +0000] [1] [INFO] Using worker: gthread
[2024-10-15 01:18:29 +0000] [14] [INFO] Booting worker with pid: 14
[2024-10-15 01:18:29 +0000] [15] [INFO] Booting worker with pid: 15
[2024-10-15 01:18:29 +0000] [16] [INFO] Booting worker with pid: 16
[2024-10-15 01:18:29 +0000] [17] [INFO] Booting worker with pid: 17
[2024-10-15 01:18:29 +0000] [18] [INFO] Booting worker with pid: 18
[2024-10-15 01:18:29 +0000] [19] [INFO] Booting worker with pid: 19
[2024-10-15 01:18:29 +0000] [20] [INFO] Booting worker with pid: 20
[2024-10-15 01:18:29 +0000] [21] [INFO] Booting worker with pid: 21
[2024-10-15 01:18:29 +0000] [22] [INFO] Booting worker with pid: 22
[2024-10-15 01:18:29 +0000] [23] [INFO] Booting worker with pid: 23
[2024-10-15 01:18:30 +0000] [24] [INFO] Booting worker with pid: 24
[2024-10-15 01:18:30 +0000] [25] [INFO] Booting worker with pid: 25
[2024-10-15 01:18:30 +0000] [26] [INFO] Booting worker with pid: 26
[2024-10-15 01:18:30 +0000] [27] [INFO] Booting worker with pid: 27
[2024-10-15 01:18:30 +0000] [28] [INFO] Booting worker with pid: 28
[2024-10-15 01:18:30 +0000] [29] [INFO] Booting worker with pid: 29
[2024-10-15 01:22:34 +0000] [1] [INFO] Handling signal: term
[2024-10-15 01:22:34 +0000] [29] [INFO] Worker exiting (pid: 29)
[2024-10-15 01:22:35 +0000] [28] [INFO] Worker exiting (pid: 28)
[2024-10-15 01:22:35 +0000] [17] [INFO] Worker exiting (pid: 17)
[2024-10-15 01:22:35 +0000] [16] [INFO] Worker exiting (pid: 16)
[2024-10-15 01:22:35 +0000] [21] [INFO] Worker exiting (pid: 21)
[2024-10-15 01:22:35 +0000] [26] [INFO] Worker exiting (pid: 26)
[2024-10-15 01:22:36 +0000] [27] [INFO] Worker exiting (pid: 27)
[2024-10-15 01:22:35 +0000] [14] [INFO] Worker exiting (pid: 14)
[2024-10-15 01:22:35 +0000] [20] [INFO] Worker exiting (pid: 20)
[2024-10-15 01:22:35 +0000] [15] [INFO] Worker exiting (pid: 15)
[2024-10-15 01:22:35 +0000] [19] [INFO] Worker exiting (pid: 19)
[2024-10-15 01:22:35 +0000] [22] [INFO] Worker exiting (pid: 22)
[2024-10-15 01:22:36 +0000] [24] [INFO] Worker exiting (pid: 24)
[2024-10-15 01:22:36 +0000] [23] [INFO] Worker exiting (pid: 23)
[2024-10-15 01:22:36 +0000] [18] [INFO] Worker exiting (pid: 18)
[2024-10-15 01:22:36 +0000] [25] [INFO] Worker exiting (pid: 25)
[2024-10-15 01:22:39 +0000] [1] [INFO] Shutting down: Master
[2024-11-11 00:02:39 +0000] [1] [INFO] Starting gunicorn 21.2.0
[2024-11-11 00:02:39 +0000] [1] [INFO] Listening at: http://0.0.0.0:8080 (1)
[2024-11-11 00:02:39 +0000] [1] [INFO] Using worker: gthread
[2024-11-11 00:02:39 +0000] [14] [INFO] Booting worker with pid: 14
[2024-11-11 00:02:39 +0000] [15] [INFO] Booting worker with pid: 15
[2024-11-11 00:02:40 +0000] [16] [INFO] Booting worker with pid: 16
[2024-11-11 00:02:40 +0000] [17] [INFO] Booting worker with pid: 17
[2024-11-11 00:02:40 +0000] [18] [INFO] Booting worker with pid: 18
[2024-11-11 00:02:40 +0000] [19] [INFO] Booting worker with pid: 19
[2024-11-11 00:02:40 +0000] [20] [INFO] Booting worker with pid: 20
[2024-11-11 00:02:40 +0000] [21] [INFO] Booting worker with pid: 21
[2024-11-11 00:02:40 +0000] [22] [INFO] Booting worker with pid: 22
[2024-11-11 00:02:40 +0000] [23] [INFO] Booting worker with pid: 23
[2024-11-11 00:02:40 +0000] [24] [INFO] Booting worker with pid: 24
[2024-11-11 00:02:40 +0000] [25] [INFO] Booting worker with pid: 25
[2024-11-11 00:02:40 +0000] [26] [INFO] Booting worker with pid: 26
[2024-11-11 00:02:40 +0000] [27] [INFO] Booting worker with pid: 27
[2024-11-11 00:02:40 +0000] [28] [INFO] Booting worker with pid: 28
[2024-11-11 00:02:40 +0000] [29] [INFO] Booting worker with pid: 29
[2024-11-11 00:15:20 +0000] [1] [INFO] Handling signal: term
[2024-11-11 00:15:21 +0000] [19] [INFO] Worker exiting (pid: 19)
[2024-11-11 00:15:21 +0000] [29] [INFO] Worker exiting (pid: 29)
[2024-11-11 00:15:21 +0000] [18] [INFO] Worker exiting (pid: 18)
[2024-11-11 00:15:21 +0000] [17] [INFO] Worker exiting (pid: 17)
[2024-11-11 00:15:21 +0000] [26] [INFO] Worker exiting (pid: 26)
[2024-11-11 00:15:21 +0000] [16] [INFO] Worker exiting (pid: 16)
[2024-11-11 00:15:21 +0000] [28] [INFO] Worker exiting (pid: 28)
[2024-11-11 00:15:21 +0000] [27] [INFO] Worker exiting (pid: 27)
[2024-11-11 00:15:21 +0000] [23] [INFO] Worker exiting (pid: 23)
[2024-11-11 00:15:21 +0000] [24] [INFO] Worker exiting (pid: 24)
[2024-11-11 00:15:21 +0000] [14] [INFO] Worker exiting (pid: 14)
[2024-11-11 00:15:21 +0000] [21] [INFO] Worker exiting (pid: 21)
[2024-11-11 00:15:21 +0000] [15] [INFO] Worker exiting (pid: 15)
[2024-11-11 00:15:21 +0000] [20] [INFO] Worker exiting (pid: 20)
[2024-11-11 00:15:22 +0000] [22] [INFO] Worker exiting (pid: 22)
[2024-11-11 00:15:22 +0000] [25] [INFO] Worker exiting (pid: 25)
[2024-11-11 00:15:24 +0000] [1] [INFO] Shutting down: Master
[2024-11-14 03:09:34 +0000] [1] [INFO] Starting gunicorn 21.2.0
[2024-11-14 03:09:34 +0000] [1] [INFO] Listening at: http://0.0.0.0:8080 (1)
[2024-11-14 03:09:34 +0000] [1] [INFO] Using worker: gthread
[2024-11-14 03:09:34 +0000] [14] [INFO] Booting worker with pid: 14
[2024-11-14 03:09:34 +0000] [15] [INFO] Booting worker with pid: 15
[2024-11-14 03:09:34 +0000] [16] [INFO] Booting worker with pid: 16
[2024-11-14 03:09:35 +0000] [17] [INFO] Booting worker with pid: 17
[2024-11-14 03:09:35 +0000] [18] [INFO] Booting worker with pid: 18
[2024-11-14 03:09:35 +0000] [19] [INFO] Booting worker with pid: 19
[2024-11-14 03:09:35 +0000] [20] [INFO] Booting worker with pid: 20
[2024-11-14 03:09:35 +0000] [21] [INFO] Booting worker with pid: 21
[2024-11-14 03:09:35 +0000] [22] [INFO] Booting worker with pid: 22
[2024-11-14 03:09:35 +0000] [23] [INFO] Booting worker with pid: 23
[2024-11-14 03:09:35 +0000] [24] [INFO] Booting worker with pid: 24
[2024-11-14 03:09:35 +0000] [25] [INFO] Booting worker with pid: 25
[2024-11-14 03:09:35 +0000] [26] [INFO] Booting worker with pid: 26
[2024-11-14 03:09:35 +0000] [27] [INFO] Booting worker with pid: 27
[2024-11-14 03:09:35 +0000] [28] [INFO] Booting worker with pid: 28
[2024-11-14 03:09:35 +0000] [29] [INFO] Booting worker with pid: 29
[2024-11-14 03:17:01 +0000] [1] [INFO] Handling signal: term
[2024-11-14 03:17:01 +0000] [24] [INFO] Worker exiting (pid: 24)
[2024-11-14 03:17:01 +0000] [21] [INFO] Worker exiting (pid: 21)
[2024-11-14 03:17:01 +0000] [29] [INFO] Worker exiting (pid: 29)
[2024-11-14 03:17:01 +0000] [18] [INFO] Worker exiting (pid: 18)
[2024-11-14 03:17:01 +0000] [17] [INFO] Worker exiting (pid: 17)
[2024-11-14 03:17:01 +0000] [28] [INFO] Worker exiting (pid: 28)
[2024-11-14 03:17:01 +0000] [19] [INFO] Worker exiting (pid: 19)
[2024-11-14 03:17:01 +0000] [22] [INFO] Worker exiting (pid: 22)
[2024-11-14 03:17:01 +0000] [20] [INFO] Worker exiting (pid: 20)
[2024-11-14 03:17:01 +0000] [27] [INFO] Worker exiting (pid: 27)
[2024-11-14 03:17:01 +0000] [26] [INFO] Worker exiting (pid: 26)
[2024-11-14 03:17:01 +0000] [14] [INFO] Worker exiting (pid: 14)
[2024-11-14 03:17:01 +0000] [15] [INFO] Worker exiting (pid: 15)
[2024-11-14 03:17:01 +0000] [16] [INFO] Worker exiting (pid: 16)
[2024-11-14 03:17:02 +0000] [23] [INFO] Worker exiting (pid: 23)
[2024-11-14 03:17:02 +0000] [25] [INFO] Worker exiting (pid: 25)
[2024-11-14 03:17:03 +0000] [1] [INFO] Shutting down: Master
[2024-11-14 03:19:26 +0000] [1] [INFO] Starting gunicorn 21.2.0
[2024-11-14 03:19:26 +0000] [1] [INFO] Listening at: http://0.0.0.0:8080 (1)
[2024-11-14 03:19:26 +0000] [1] [INFO] Using worker: gthread
[2024-11-14 03:19:26 +0000] [14] [INFO] Booting worker with pid: 14
[2024-11-14 03:19:26 +0000] [15] [INFO] Booting worker with pid: 15
[2024-11-14 03:19:26 +0000] [16] [INFO] Booting worker with pid: 16
[2024-11-14 03:19:26 +0000] [17] [INFO] Booting worker with pid: 17
[2024-11-14 03:19:27 +0000] [18] [INFO] Booting worker with pid: 18
[2024-11-14 03:19:27 +0000] [19] [INFO] Booting worker with pid: 19
[2024-11-14 03:19:27 +0000] [20] [INFO] Booting worker with pid: 20
[2024-11-14 03:19:27 +0000] [21] [INFO] Booting worker with pid: 21
[2024-11-14 03:19:27 +0000] [22] [INFO] Booting worker with pid: 22
[2024-11-14 03:19:27 +0000] [23] [INFO] Booting worker with pid: 23
[2024-11-14 03:19:27 +0000] [24] [INFO] Booting worker with pid: 24
[2024-11-14 03:19:27 +0000] [25] [INFO] Booting worker with pid: 25
[2024-11-14 03:19:27 +0000] [26] [INFO] Booting worker with pid: 26
[2024-11-14 03:19:27 +0000] [27] [INFO] Booting worker with pid: 27
[2024-11-14 03:19:27 +0000] [28] [INFO] Booting worker with pid: 28
[2024-11-14 03:19:27 +0000] [29] [INFO] Booting worker with pid: 29
[2024-11-14 03:23:13 +0000] [1] [INFO] Handling signal: term
[2024-11-14 03:23:14 +0000] [17] [INFO] Worker exiting (pid: 17)
[2024-11-14 03:23:14 +0000] [16] [INFO] Worker exiting (pid: 16)
[2024-11-14 03:23:14 +0000] [18] [INFO] Worker exiting (pid: 18)
[2024-11-14 03:23:14 +0000] [21] [INFO] Worker exiting (pid: 21)
[2024-11-14 03:23:14 +0000] [24] [INFO] Worker exiting (pid: 24)
[2024-11-14 03:23:14 +0000] [23] [INFO] Worker exiting (pid: 23)
[2024-11-14 03:23:14 +0000] [19] [INFO] Worker exiting (pid: 19)
[2024-11-14 03:23:14 +0000] [20] [INFO] Worker exiting (pid: 20)
[2024-11-14 03:23:14 +0000] [22] [INFO] Worker exiting (pid: 22)
[2024-11-14 03:23:14 +0000] [26] [INFO] Worker exiting (pid: 26)
[2024-11-14 03:23:14 +0000] [15] [INFO] Worker exiting (pid: 15)
[2024-11-14 03:23:14 +0000] [25] [INFO] Worker exiting (pid: 25)
[2024-11-14 03:23:14 +0000] [14] [INFO] Worker exiting (pid: 14)
[2024-11-14 03:23:14 +0000] [29] [INFO] Worker exiting (pid: 29)
[2024-11-14 03:23:14 +0000] [27] [INFO] Worker exiting (pid: 27)
[2024-11-14 03:23:14 +0000] [28] [INFO] Worker exiting (pid: 28)
[2024-11-14 03:23:15 +0000] [1] [INFO] Shutting down: Master
[2024-11-14 03:25:35 +0000] [1] [INFO] Starting gunicorn 21.2.0
[2024-11-14 03:25:35 +0000] [1] [INFO] Listening at: http://0.0.0.0:8080 (1)
[2024-11-14 03:25:35 +0000] [1] [INFO] Using worker: gthread
[2024-11-14 03:25:35 +0000] [14] [INFO] Booting worker with pid: 14
[2024-11-14 03:25:35 +0000] [15] [INFO] Booting worker with pid: 15
[2024-11-14 03:25:35 +0000] [16] [INFO] Booting worker with pid: 16
[2024-11-14 03:25:35 +0000] [17] [INFO] Booting worker with pid: 17
[2024-11-14 03:25:36 +0000] [18] [INFO] Booting worker with pid: 18
[2024-11-14 03:25:36 +0000] [19] [INFO] Booting worker with pid: 19
[2024-11-14 03:25:36 +0000] [20] [INFO] Booting worker with pid: 20
[2024-11-14 03:25:36 +0000] [21] [INFO] Booting worker with pid: 21
[2024-11-14 03:25:36 +0000] [22] [INFO] Booting worker with pid: 22
[2024-11-14 03:25:36 +0000] [23] [INFO] Booting worker with pid: 23
[2024-11-14 03:25:36 +0000] [24] [INFO] Booting worker with pid: 24
[2024-11-14 03:25:36 +0000] [25] [INFO] Booting worker with pid: 25
[2024-11-14 03:25:36 +0000] [27] [INFO] Booting worker with pid: 27
[2024-11-14 03:25:36 +0000] [26] [INFO] Booting worker with pid: 26
[2024-11-14 03:25:36 +0000] [28] [INFO] Booting worker with pid: 28
[2024-11-14 03:25:36 +0000] [29] [INFO] Booting worker with pid: 29
[2024-11-14 04:49:58 +0000] [1] [INFO] Handling signal: term
[2024-11-14 04:49:58 +0000] [29] [INFO] Worker exiting (pid: 29)
[2024-11-14 04:49:58 +0000] [27] [INFO] Worker exiting (pid: 27)
[2024-11-14 04:49:58 +0000] [26] [INFO] Worker exiting (pid: 26)
[2024-11-14 04:49:58 +0000] [28] [INFO] Worker exiting (pid: 28)
[2024-11-14 04:49:58 +0000] [16] [INFO] Worker exiting (pid: 16)
[2024-11-14 04:49:58 +0000] [17] [INFO] Worker exiting (pid: 17)
[2024-11-14 04:49:58 +0000] [14] [INFO] Worker exiting (pid: 14)
[2024-11-14 04:49:58 +0000] [19] [INFO] Worker exiting (pid: 19)
[2024-11-14 04:49:58 +0000] [18] [INFO] Worker exiting (pid: 18)
[2024-11-14 04:49:59 +0000] [15] [INFO] Worker exiting (pid: 15)
[2024-11-14 04:49:59 +0000] [21] [INFO] Worker exiting (pid: 21)
[2024-11-14 04:49:59 +0000] [24] [INFO] Worker exiting (pid: 24)
[2024-11-14 04:49:59 +0000] [25] [INFO] Worker exiting (pid: 25)
[2024-11-14 04:49:59 +0000] [22] [INFO] Worker exiting (pid: 22)
[2024-11-14 04:49:59 +0000] [20] [INFO] Worker exiting (pid: 20)
[2024-11-14 04:49:59 +0000] [23] [INFO] Worker exiting (pid: 23)
[2024-11-14 04:50:01 +0000] [1] [INFO] Shutting down: Master
[2024-11-14 06:33:05 +0000] [1] [INFO] Starting gunicorn 21.2.0
[2024-11-14 06:33:05 +0000] [1] [INFO] Listening at: http://0.0.0.0:8080 (1)
[2024-11-14 06:33:05 +0000] [1] [INFO] Using worker: gthread
[2024-11-14 06:33:05 +0000] [15] [INFO] Booting worker with pid: 15
[2024-11-14 06:33:05 +0000] [16] [INFO] Booting worker with pid: 16
[2024-11-14 06:33:05 +0000] [17] [INFO] Booting worker with pid: 17
[2024-11-14 06:33:05 +0000] [18] [INFO] Booting worker with pid: 18
[2024-11-14 06:33:05 +0000] [19] [INFO] Booting worker with pid: 19
[2024-11-14 06:33:05 +0000] [20] [INFO] Booting worker with pid: 20
[2024-11-14 06:33:05 +0000] [21] [INFO] Booting worker with pid: 21
[2024-11-14 06:33:05 +0000] [22] [INFO] Booting worker with pid: 22
[2024-11-14 06:33:05 +0000] [23] [INFO] Booting worker with pid: 23
[2024-11-14 06:33:05 +0000] [24] [INFO] Booting worker with pid: 24
[2024-11-14 06:33:06 +0000] [25] [INFO] Booting worker with pid: 25
[2024-11-14 06:33:06 +0000] [26] [INFO] Booting worker with pid: 26
[2024-11-14 06:33:06 +0000] [27] [INFO] Booting worker with pid: 27
[2024-11-14 06:33:06 +0000] [28] [INFO] Booting worker with pid: 28
[2024-11-14 06:33:06 +0000] [29] [INFO] Booting worker with pid: 29
[2024-11-14 06:33:06 +0000] [30] [INFO] Booting worker with pid: 30
[2024-11-14 06:42:07 +0000] [1] [INFO] Handling signal: term
[2024-11-14 06:42:07 +0000] [28] [INFO] Worker exiting (pid: 28)
[2024-11-14 06:42:07 +0000] [29] [INFO] Worker exiting (pid: 29)
[2024-11-14 06:42:07 +0000] [30] [INFO] Worker exiting (pid: 30)
[2024-11-14 06:42:07 +0000] [20] [INFO] Worker exiting (pid: 20)
[2024-11-14 06:42:07 +0000] [19] [INFO] Worker exiting (pid: 19)
[2024-11-14 06:42:07 +0000] [16] [INFO] Worker exiting (pid: 16)
[2024-11-14 06:42:07 +0000] [18] [INFO] Worker exiting (pid: 18)
[2024-11-14 06:42:07 +0000] [17] [INFO] Worker exiting (pid: 17)
[2024-11-14 06:42:07 +0000] [15] [INFO] Worker exiting (pid: 15)
[2024-11-14 06:42:07 +0000] [22] [INFO] Worker exiting (pid: 22)
[2024-11-14 06:42:07 +0000] [21] [INFO] Worker exiting (pid: 21)
[2024-11-14 06:42:07 +0000] [25] [INFO] Worker exiting (pid: 25)
[2024-11-14 06:42:07 +0000] [23] [INFO] Worker exiting (pid: 23)
[2024-11-14 06:42:07 +0000] [24] [INFO] Worker exiting (pid: 24)
[2024-11-14 06:42:07 +0000] [26] [INFO] Worker exiting (pid: 26)
[2024-11-14 06:42:07 +0000] [27] [INFO] Worker exiting (pid: 27)
[2024-11-14 06:42:09 +0000] [1] [INFO] Shutting down: Master
[2024-11-15 12:44:40 +0000] [1] [INFO] Starting gunicorn 21.2.0
[2024-11-15 12:44:40 +0000] [1] [INFO] Listening at: http://0.0.0.0:8080 (1)
[2024-11-15 12:44:40 +0000] [1] [INFO] Using worker: gthread
[2024-11-15 12:44:40 +0000] [13] [INFO] Booting worker with pid: 13
[2024-11-15 12:44:40 +0000] [14] [INFO] Booting worker with pid: 14
[2024-11-15 12:44:40 +0000] [15] [INFO] Booting worker with pid: 15
[2024-11-15 12:44:40 +0000] [16] [INFO] Booting worker with pid: 16
[2024-11-15 12:44:40 +0000] [17] [INFO] Booting worker with pid: 17
[2024-11-15 12:44:40 +0000] [18] [INFO] Booting worker with pid: 18
[2024-11-15 12:44:40 +0000] [19] [INFO] Booting worker with pid: 19
[2024-11-15 12:44:40 +0000] [20] [INFO] Booting worker with pid: 20
[2024-11-15 12:44:40 +0000] [21] [INFO] Booting worker with pid: 21
[2024-11-15 12:44:41 +0000] [22] [INFO] Booting worker with pid: 22
[2024-11-15 12:44:41 +0000] [23] [INFO] Booting worker with pid: 23
[2024-11-15 12:44:41 +0000] [24] [INFO] Booting worker with pid: 24
[2024-11-15 12:44:42 +0000] [25] [INFO] Booting worker with pid: 25
[2024-11-15 12:44:42 +0000] [26] [INFO] Booting worker with pid: 26
[2024-11-15 12:44:43 +0000] [28] [INFO] Booting worker with pid: 28
[2024-11-15 12:44:43 +0000] [27] [INFO] Booting worker with pid: 27
[2024-11-15 12:51:11 +0000] [1] [INFO] Handling signal: term
[2024-11-15 12:51:11 +0000] [20] [INFO] Worker exiting (pid: 20)
[2024-11-15 12:51:11 +0000] [19] [INFO] Worker exiting (pid: 19)
[2024-11-15 12:51:11 +0000] [25] [INFO] Worker exiting (pid: 25)
[2024-11-15 12:51:12 +0000] [23] [INFO] Worker exiting (pid: 23)
[2024-11-15 12:51:12 +0000] [17] [INFO] Worker exiting (pid: 17)
[2024-11-15 12:51:12 +0000] [24] [INFO] Worker exiting (pid: 24)
[2024-11-15 12:51:12 +0000] [14] [INFO] Worker exiting (pid: 14)
[2024-11-15 12:51:12 +0000] [18] [INFO] Worker exiting (pid: 18)
[2024-11-15 12:51:12 +0000] [15] [INFO] Worker exiting (pid: 15)
[2024-11-15 12:51:12 +0000] [16] [INFO] Worker exiting (pid: 16)
[2024-11-15 12:51:12 +0000] [27] [INFO] Worker exiting (pid: 27)
[2024-11-15 12:51:12 +0000] [22] [INFO] Worker exiting (pid: 22)
[2024-11-15 12:51:12 +0000] [26] [INFO] Worker exiting (pid: 26)
[2024-11-15 12:51:12 +0000] [21] [INFO] Worker exiting (pid: 21)
[2024-11-15 12:51:12 +0000] [28] [INFO] Worker exiting (pid: 28)
[2024-11-15 12:51:12 +0000] [13] [INFO] Worker exiting (pid: 13)
[2024-11-15 12:51:14 +0000] [1] [INFO] Shutting down: Master
[2024-11-18 10:26:54 +0000] [1] [INFO] Starting gunicorn 21.2.0
[2024-11-18 10:26:54 +0000] [1] [INFO] Listening at: http://0.0.0.0:8080 (1)
[2024-11-18 10:26:54 +0000] [1] [INFO] Using worker: gthread
[2024-11-18 10:26:54 +0000] [14] [INFO] Booting worker with pid: 14
[2024-11-18 10:26:54 +0000] [15] [INFO] Booting worker with pid: 15
[2024-11-18 10:26:54 +0000] [16] [INFO] Booting worker with pid: 16
[2024-11-18 10:26:54 +0000] [17] [INFO] Booting worker with pid: 17
[2024-11-18 10:26:54 +0000] [18] [INFO] Booting worker with pid: 18
[2024-11-18 10:26:54 +0000] [19] [INFO] Booting worker with pid: 19
[2024-11-18 10:26:54 +0000] [21] [INFO] Booting worker with pid: 21
[2024-11-18 10:26:54 +0000] [20] [INFO] Booting worker with pid: 20
[2024-11-18 10:26:55 +0000] [22] [INFO] Booting worker with pid: 22
[2024-11-18 10:26:55 +0000] [23] [INFO] Booting worker with pid: 23
[2024-11-18 10:26:55 +0000] [24] [INFO] Booting worker with pid: 24
[2024-11-18 10:26:55 +0000] [25] [INFO] Booting worker with pid: 25
[2024-11-18 10:26:55 +0000] [26] [INFO] Booting worker with pid: 26
[2024-11-18 10:26:55 +0000] [27] [INFO] Booting worker with pid: 27
[2024-11-18 10:26:55 +0000] [28] [INFO] Booting worker with pid: 28
[2024-11-18 10:26:55 +0000] [29] [INFO] Booting worker with pid: 29
[2024-11-18 10:29:58 +0000] [1] [INFO] Starting gunicorn 21.2.0
[2024-11-18 10:29:58 +0000] [1] [INFO] Listening at: http://0.0.0.0:8080 (1)
[2024-11-18 10:29:58 +0000] [1] [INFO] Using worker: gthread
[2024-11-18 10:29:58 +0000] [14] [INFO] Booting worker with pid: 14
[2024-11-18 10:29:58 +0000] [15] [INFO] Booting worker with pid: 15
[2024-11-18 10:29:58 +0000] [16] [INFO] Booting worker with pid: 16
[2024-11-18 10:29:58 +0000] [17] [INFO] Booting worker with pid: 17
[2024-11-18 10:29:58 +0000] [18] [INFO] Booting worker with pid: 18
[2024-11-18 10:29:58 +0000] [19] [INFO] Booting worker with pid: 19
[2024-11-18 10:29:58 +0000] [20] [INFO] Booting worker with pid: 20
[2024-11-18 10:29:58 +0000] [21] [INFO] Booting worker with pid: 21
[2024-11-18 10:29:58 +0000] [22] [INFO] Booting worker with pid: 22
[2024-11-18 10:29:58 +0000] [23] [INFO] Booting worker with pid: 23
[2024-11-18 10:29:58 +0000] [24] [INFO] Booting worker with pid: 24
[2024-11-18 10:29:59 +0000] [25] [INFO] Booting worker with pid: 25
[2024-11-18 10:29:59 +0000] [26] [INFO] Booting worker with pid: 26
[2024-11-18 10:29:59 +0000] [27] [INFO] Booting worker with pid: 27
[2024-11-18 10:29:59 +0000] [28] [INFO] Booting worker with pid: 28
[2024-11-18 10:29:59 +0000] [29] [INFO] Booting worker with pid: 29
[2024-11-18 10:30:13 +0000] [1] [INFO] Starting gunicorn 21.2.0
[2024-11-18 10:30:13 +0000] [1] [INFO] Listening at: http://0.0.0.0:8080 (1)
[2024-11-18 10:30:13 +0000] [1] [INFO] Using worker: gthread
[2024-11-18 10:30:13 +0000] [14] [INFO] Booting worker with pid: 14
[2024-11-18 10:30:13 +0000] [15] [INFO] Booting worker with pid: 15
[2024-11-18 10:30:13 +0000] [16] [INFO] Booting worker with pid: 16
[2024-11-18 10:30:14 +0000] [17] [INFO] Booting worker with pid: 17
[2024-11-18 10:30:14 +0000] [18] [INFO] Booting worker with pid: 18
[2024-11-18 10:30:14 +0000] [19] [INFO] Booting worker with pid: 19
[2024-11-18 10:30:14 +0000] [20] [INFO] Booting worker with pid: 20
[2024-11-18 10:30:14 +0000] [21] [INFO] Booting worker with pid: 21
[2024-11-18 10:30:14 +0000] [22] [INFO] Booting worker with pid: 22
[2024-11-18 10:30:14 +0000] [23] [INFO] Booting worker with pid: 23
[2024-11-18 10:30:14 +0000] [24] [INFO] Booting worker with pid: 24
[2024-11-18 10:30:14 +0000] [25] [INFO] Booting worker with pid: 25
[2024-11-18 10:30:14 +0000] [26] [INFO] Booting worker with pid: 26
[2024-11-18 10:30:14 +0000] [27] [INFO] Booting worker with pid: 27
[2024-11-18 10:30:14 +0000] [28] [INFO] Booting worker with pid: 28
[2024-11-18 10:30:14 +0000] [29] [INFO] Booting worker with pid: 29
[2024-11-18 10:30:29 +0000] [1] [INFO] Starting gunicorn 21.2.0
[2024-11-18 10:30:29 +0000] [1] [INFO] Listening at: http://0.0.0.0:8080 (1)
[2024-11-18 10:30:29 +0000] [1] [INFO] Using worker: gthread
[2024-11-18 10:30:29 +0000] [14] [INFO] Booting worker with pid: 14
[2024-11-18 10:30:29 +0000] [15] [INFO] Booting worker with pid: 15
[2024-11-18 10:30:29 +0000] [16] [INFO] Booting worker with pid: 16
[2024-11-18 10:30:29 +0000] [17] [INFO] Booting worker with pid: 17
[2024-11-18 10:30:29 +0000] [18] [INFO] Booting worker with pid: 18
[2024-11-18 10:30:29 +0000] [19] [INFO] Booting worker with pid: 19
[2024-11-18 10:30:29 +0000] [20] [INFO] Booting worker with pid: 20
[2024-11-18 10:30:29 +0000] [21] [INFO] Booting worker with pid: 21
[2024-11-18 10:30:29 +0000] [22] [INFO] Booting worker with pid: 22
[2024-11-18 10:30:29 +0000] [23] [INFO] Booting worker with pid: 23
[2024-11-18 10:30:29 +0000] [24] [INFO] Booting worker with pid: 24
[2024-11-18 10:30:29 +0000] [25] [INFO] Booting worker with pid: 25
[2024-11-18 10:30:29 +0000] [26] [INFO] Booting worker with pid: 26
[2024-11-18 10:30:29 +0000] [27] [INFO] Booting worker with pid: 27
[2024-11-18 10:30:29 +0000] [28] [INFO] Booting worker with pid: 28
[2024-11-18 10:30:30 +0000] [29] [INFO] Booting worker with pid: 29
[2024-11-18 10:31:00 +0000] [1] [INFO] Handling signal: term
[2024-11-18 10:31:00 +0000] [18] [INFO] Worker exiting (pid: 18)
[2024-11-18 10:31:00 +0000] [20] [INFO] Worker exiting (pid: 20)
[2024-11-18 10:31:00 +0000] [19] [INFO] Worker exiting (pid: 19)
[2024-11-18 10:31:00 +0000] [17] [INFO] Worker exiting (pid: 17)
[2024-11-18 10:31:00 +0000] [21] [INFO] Worker exiting (pid: 21)
[2024-11-18 10:31:01 +0000] [22] [INFO] Worker exiting (pid: 22)
[2024-11-18 10:31:01 +0000] [23] [INFO] Worker exiting (pid: 23)
[2024-11-18 10:31:01 +0000] [24] [INFO] Worker exiting (pid: 24)
[2024-11-18 10:31:01 +0000] [25] [INFO] Worker exiting (pid: 25)
[2024-11-18 10:31:01 +0000] [27] [INFO] Worker exiting (pid: 27)
[2024-11-18 10:31:01 +0000] [26] [INFO] Worker exiting (pid: 26)
[2024-11-18 10:31:01 +0000] [28] [INFO] Worker exiting (pid: 28)
[2024-11-18 10:31:01 +0000] [29] [INFO] Worker exiting (pid: 29)
[2024-11-18 10:31:01 +0000] [14] [INFO] Worker exiting (pid: 14)
[2024-11-18 10:31:01 +0000] [15] [INFO] Worker exiting (pid: 15)
[2024-11-18 10:31:01 +0000] [16] [INFO] Worker exiting (pid: 16)
[2024-11-18 10:31:03 +0000] [1] [INFO] Shutting down: Master
[2024-11-18 10:31:30 +0000] [1] [INFO] Starting gunicorn 21.2.0
[2024-11-18 10:31:30 +0000] [1] [INFO] Listening at: http://0.0.0.0:8080 (1)
[2024-11-18 10:31:30 +0000] [1] [INFO] Using worker: gthread
[2024-11-18 10:31:30 +0000] [14] [INFO] Booting worker with pid: 14
[2024-11-18 10:31:30 +0000] [15] [INFO] Booting worker with pid: 15
[2024-11-18 10:31:30 +0000] [16] [INFO] Booting worker with pid: 16
[2024-11-18 10:31:30 +0000] [17] [INFO] Booting worker with pid: 17
[2024-11-18 10:31:30 +0000] [18] [INFO] Booting worker with pid: 18
[2024-11-18 10:31:30 +0000] [19] [INFO] Booting worker with pid: 19
[2024-11-18 10:31:30 +0000] [21] [INFO] Booting worker with pid: 21
[2024-11-18 10:31:30 +0000] [20] [INFO] Booting worker with pid: 20
[2024-11-18 10:31:30 +0000] [22] [INFO] Booting worker with pid: 22
[2024-11-18 10:31:30 +0000] [23] [INFO] Booting worker with pid: 23
[2024-11-18 10:31:30 +0000] [24] [INFO] Booting worker with pid: 24
[2024-11-18 10:31:30 +0000] [25] [INFO] Booting worker with pid: 25
[2024-11-18 10:31:31 +0000] [26] [INFO] Booting worker with pid: 26
[2024-11-18 10:31:31 +0000] [27] [INFO] Booting worker with pid: 27
[2024-11-18 10:31:31 +0000] [28] [INFO] Booting worker with pid: 28
[2024-11-18 10:31:31 +0000] [29] [INFO] Booting worker with pid: 29
[2024-11-18 13:38:21 +0000] [1] [CRITICAL] WORKER TIMEOUT (pid:14)
[2024-11-18 13:38:21 +0000] [1] [CRITICAL] WORKER TIMEOUT (pid:15)
[2024-11-18 13:38:21 +0000] [1] [CRITICAL] WORKER TIMEOUT (pid:16)
[2024-11-18 13:38:21 +0000] [1] [CRITICAL] WORKER TIMEOUT (pid:17)
[2024-11-18 13:38:21 +0000] [1] [CRITICAL] WORKER TIMEOUT (pid:18)
[2024-11-18 13:38:21 +0000] [1] [CRITICAL] WORKER TIMEOUT (pid:20)
[2024-11-18 13:38:21 +0000] [1] [CRITICAL] WORKER TIMEOUT (pid:21)
[2024-11-18 13:38:21 +0000] [1] [CRITICAL] WORKER TIMEOUT (pid:22)
[2024-11-18 13:38:21 +0000] [1] [CRITICAL] WORKER TIMEOUT (pid:23)
[2024-11-18 13:38:21 +0000] [1] [CRITICAL] WORKER TIMEOUT (pid:25)
[2024-11-18 13:38:21 +0000] [1] [CRITICAL] WORKER TIMEOUT (pid:26)
[2024-11-18 13:38:21 +0000] [1] [CRITICAL] WORKER TIMEOUT (pid:28)
[2024-11-18 13:38:21 +0000] [16] [INFO] Worker exiting (pid: 16)
[2024-11-18 13:38:21 +0000] [1] [CRITICAL] WORKER TIMEOUT (pid:29)
[2024-11-18 13:38:21 +0000] [20] [INFO] Worker exiting (pid: 20)
[2024-11-18 13:38:21 +0000] [22] [INFO] Worker exiting (pid: 22)
[2024-11-18 13:38:21 +0000] [23] [INFO] Worker exiting (pid: 23)
[2024-11-18 13:38:21 +0000] [26] [INFO] Worker exiting (pid: 26)
[2024-11-18 13:38:21 +0000] [14] [INFO] Worker exiting (pid: 14)
[2024-11-18 13:38:21 +0000] [15] [INFO] Worker exiting (pid: 15)
[2024-11-18 13:38:21 +0000] [25] [INFO] Worker exiting (pid: 25)
[2024-11-18 13:38:21 +0000] [17] [INFO] Worker exiting (pid: 17)
[2024-11-18 13:38:21 +0000] [21] [INFO] Worker exiting (pid: 21)
[2024-11-18 13:38:21 +0000] [18] [INFO] Worker exiting (pid: 18)
[2024-11-18 13:38:21 +0000] [29] [INFO] Worker exiting (pid: 29)
[2024-11-18 13:38:21 +0000] [28] [INFO] Worker exiting (pid: 28)
[2024-11-18 13:38:22 +0000] [1] [ERROR] Worker (pid:14) was sent SIGKILL! Perhaps out of memory?
[2024-11-18 13:38:22 +0000] [1] [ERROR] Worker (pid:15) was sent SIGKILL! Perhaps out of memory?
[2024-11-18 13:38:22 +0000] [1] [ERROR] Worker (pid:18) was sent SIGKILL! Perhaps out of memory?
[2024-11-18 13:38:22 +0000] [1] [ERROR] Worker (pid:21) was sent SIGKILL! Perhaps out of memory?
[2024-11-18 13:38:22 +0000] [1] [ERROR] Worker (pid:25) was sent SIGKILL! Perhaps out of memory?
[2024-11-18 13:38:22 +0000] [1] [ERROR] Worker (pid:26) was sent SIGKILL! Perhaps out of memory?
[2024-11-18 13:38:22 +0000] [1] [ERROR] Worker (pid:28) was sent SIGKILL! Perhaps out of memory?
[2024-11-18 13:38:22 +0000] [1] [ERROR] Worker (pid:29) was sent SIGKILL! Perhaps out of memory?
[2024-11-18 13:38:22 +0000] [1] [ERROR] Worker (pid:23) was sent SIGKILL! Perhaps out of memory?
[2024-11-18 13:38:22 +0000] [1] [ERROR] Worker (pid:20) was sent SIGKILL! Perhaps out of memory?
[2024-11-18 13:38:22 +0000] [1] [ERROR] Worker (pid:22) was sent SIGKILL! Perhaps out of memory?
[2024-11-18 13:38:22 +0000] [1] [ERROR] Worker (pid:16) was sent SIGKILL! Perhaps out of memory?
[2024-11-18 13:38:22 +0000] [1] [ERROR] Worker (pid:17) was sent SIGKILL! Perhaps out of memory?
[2024-11-18 13:38:22 +0000] [11615] [INFO] Booting worker with pid: 11615
[2024-11-18 13:38:22 +0000] [11616] [INFO] Booting worker with pid: 11616
[2024-11-18 13:38:22 +0000] [11617] [INFO] Booting worker with pid: 11617
[2024-11-18 13:38:22 +0000] [11618] [INFO] Booting worker with pid: 11618
[2024-11-18 13:38:22 +0000] [11619] [INFO] Booting worker with pid: 11619
[2024-11-18 13:38:23 +0000] [11620] [INFO] Booting worker with pid: 11620
[2024-11-18 13:38:23 +0000] [11621] [INFO] Booting worker with pid: 11621
[2024-11-18 13:38:23 +0000] [11622] [INFO] Booting worker with pid: 11622
[2024-11-18 13:38:23 +0000] [11623] [INFO] Booting worker with pid: 11623
[2024-11-18 13:38:23 +0000] [11624] [INFO] Booting worker with pid: 11624
[2024-11-18 13:38:23 +0000] [11625] [INFO] Booting worker with pid: 11625
[2024-11-18 13:38:23 +0000] [11626] [INFO] Booting worker with pid: 11626
[2024-11-18 13:38:23 +0000] [11627] [INFO] Booting worker with pid: 11627
[2024-11-18 14:05:48 +0000] [1] [CRITICAL] WORKER TIMEOUT (pid:19)
[2024-11-18 14:05:48 +0000] [1] [CRITICAL] WORKER TIMEOUT (pid:24)
[2024-11-18 14:05:48 +0000] [1] [CRITICAL] WORKER TIMEOUT (pid:11615)
[2024-11-18 14:05:48 +0000] [1] [CRITICAL] WORKER TIMEOUT (pid:11616)
[2024-11-18 14:05:48 +0000] [1] [CRITICAL] WORKER TIMEOUT (pid:11617)
[2024-11-18 14:05:48 +0000] [1] [CRITICAL] WORKER TIMEOUT (pid:11618)
[2024-11-18 14:05:48 +0000] [1] [CRITICAL] WORKER TIMEOUT (pid:11619)
[2024-11-18 14:05:48 +0000] [1] [CRITICAL] WORKER TIMEOUT (pid:11620)
[2024-11-18 14:05:48 +0000] [1] [CRITICAL] WORKER TIMEOUT (pid:11621)
[2024-11-18 14:05:48 +0000] [1] [CRITICAL] WORKER TIMEOUT (pid:11622)
[2024-11-18 14:05:48 +0000] [1] [CRITICAL] WORKER TIMEOUT (pid:11623)
[2024-11-18 14:05:48 +0000] [1] [CRITICAL] WORKER TIMEOUT (pid:11624)
[2024-11-18 14:05:48 +0000] [1] [CRITICAL] WORKER TIMEOUT (pid:11625)
[2024-11-18 14:05:48 +0000] [1] [CRITICAL] WORKER TIMEOUT (pid:11626)
[2024-11-18 14:05:48 +0000] [1] [CRITICAL] WORKER TIMEOUT (pid:11627)
[2024-11-18 14:05:48 +0000] [11618] [INFO] Worker exiting (pid: 11618)
[2024-11-18 14:05:48 +0000] [24] [INFO] Worker exiting (pid: 24)
[2024-11-18 14:05:48 +0000] [11617] [INFO] Worker exiting (pid: 11617)
[2024-11-18 14:05:48 +0000] [19] [INFO] Worker exiting (pid: 19)
[2024-11-18 14:05:48 +0000] [11616] [INFO] Worker exiting (pid: 11616)
[2024-11-18 14:05:48 +0000] [11615] [INFO] Worker exiting (pid: 11615)
[2024-11-18 14:05:48 +0000] [11619] [INFO] Worker exiting (pid: 11619)
[2024-11-18 14:05:48 +0000] [11621] [INFO] Worker exiting (pid: 11621)
[2024-11-18 14:05:48 +0000] [11622] [INFO] Worker exiting (pid: 11622)
[2024-11-18 14:05:48 +0000] [11624] [INFO] Worker exiting (pid: 11624)
[2024-11-18 14:05:48 +0000] [11626] [INFO] Worker exiting (pid: 11626)
[2024-11-18 14:05:48 +0000] [11620] [INFO] Worker exiting (pid: 11620)
[2024-11-18 14:05:48 +0000] [11623] [INFO] Worker exiting (pid: 11623)
[2024-11-18 14:05:48 +0000] [11625] [INFO] Worker exiting (pid: 11625)
[2024-11-18 14:05:48 +0000] [11627] [INFO] Worker exiting (pid: 11627)
[2024-11-18 14:05:49 +0000] [1] [ERROR] Worker (pid:11624) was sent SIGKILL! Perhaps out of memory?
[2024-11-18 14:05:49 +0000] [1] [ERROR] Worker (pid:11618) was sent SIGKILL! Perhaps out of memory?
[2024-11-18 14:05:49 +0000] [1] [ERROR] Worker (pid:11619) was sent SIGKILL! Perhaps out of memory?
[2024-11-18 14:05:49 +0000] [1] [ERROR] Worker (pid:11620) was sent SIGKILL! Perhaps out of memory?
[2024-11-18 14:05:49 +0000] [1] [ERROR] Worker (pid:11622) was sent SIGKILL! Perhaps out of memory?
[2024-11-18 14:05:49 +0000] [1] [ERROR] Worker (pid:11625) was sent SIGKILL! Perhaps out of memory?
[2024-11-18 14:05:49 +0000] [1] [ERROR] Worker (pid:11626) was sent SIGKILL! Perhaps out of memory?
[2024-11-18 14:05:49 +0000] [1] [ERROR] Worker (pid:24) was sent SIGKILL! Perhaps out of memory?
[2024-11-18 14:05:49 +0000] [1] [ERROR] Worker (pid:19) was sent SIGKILL! Perhaps out of memory?
[2024-11-18 14:05:49 +0000] [1] [ERROR] Worker (pid:11623) was sent SIGKILL! Perhaps out of memory?
[2024-11-18 14:05:49 +0000] [1] [ERROR] Worker (pid:11621) was sent SIGKILL! Perhaps out of memory?
[2024-11-18 14:05:49 +0000] [1] [ERROR] Worker (pid:11617) was sent SIGKILL! Perhaps out of memory?
[2024-11-18 14:05:49 +0000] [1] [ERROR] Worker (pid:11615) was sent SIGKILL! Perhaps out of memory?
[2024-11-18 14:05:49 +0000] [1] [ERROR] Worker (pid:11616) was sent SIGKILL! Perhaps out of memory?
[2024-11-18 14:05:49 +0000] [1] [ERROR] Worker (pid:11627) was sent SIGKILL! Perhaps out of memory?
[2024-11-18 14:05:49 +0000] [12762] [INFO] Booting worker with pid: 12762
[2024-11-18 14:44:17 +0000] [12764] [INFO] Booting worker with pid: 12764
[2024-11-18 14:44:17 +0000] [12763] [INFO] Booting worker with pid: 12763
[2024-11-18 14:44:17 +0000] [1] [CRITICAL] WORKER TIMEOUT (pid:27)
[2024-11-18 14:44:17 +0000] [1] [CRITICAL] WORKER TIMEOUT (pid:12762)
[2024-11-18 14:44:17 +0000] [12762] [INFO] Worker exiting (pid: 12762)
[2024-11-18 14:44:17 +0000] [12765] [INFO] Booting worker with pid: 12765
[2024-11-18 14:44:17 +0000] [27] [INFO] Worker exiting (pid: 27)
[2024-11-18 14:44:17 +0000] [12766] [INFO] Booting worker with pid: 12766
[2024-11-18 14:44:17 +0000] [12767] [INFO] Booting worker with pid: 12767
[2024-11-18 14:44:17 +0000] [1] [ERROR] Worker (pid:12762) exited with code 1
[2024-11-18 14:44:17 +0000] [1] [ERROR] Worker (pid:12762) exited with code 1.
[2024-11-18 14:44:17 +0000] [12768] [INFO] Booting worker with pid: 12768
[2024-11-18 14:44:17 +0000] [12770] [INFO] Booting worker with pid: 12770
[2024-11-18 14:44:17 +0000] [12769] [INFO] Booting worker with pid: 12769
[2024-11-18 14:44:17 +0000] [12771] [INFO] Booting worker with pid: 12771
[2024-11-18 14:44:17 +0000] [12772] [INFO] Booting worker with pid: 12772
[2024-11-18 14:44:17 +0000] [12773] [INFO] Booting worker with pid: 12773
[2024-11-18 14:44:17 +0000] [12774] [INFO] Booting worker with pid: 12774
[2024-11-18 14:44:18 +0000] [12775] [INFO] Booting worker with pid: 12775
[2024-11-18 14:44:18 +0000] [12776] [INFO] Booting worker with pid: 12776
[2024-11-18 14:44:18 +0000] [1] [ERROR] Worker (pid:27) was sent SIGKILL! Perhaps out of memory?
[2024-11-18 14:44:18 +0000] [12777] [INFO] Booting worker with pid: 12777
[2024-11-18 14:44:18 +0000] [12778] [INFO] Booting worker with pid: 12778
[2024-11-18 22:52:58 +0000] [1] [CRITICAL] WORKER TIMEOUT (pid:12765)
[2024-11-18 22:52:58 +0000] [12765] [INFO] Worker exiting (pid: 12765)
[2024-11-18 23:01:19 +0000] [1] [ERROR] Worker (pid:12765) was sent SIGKILL! Perhaps out of memory?
[2024-11-18 23:01:19 +0000] [14231] [INFO] Booting worker with pid: 14231
[2024-11-19 01:41:05 +0000] [1] [CRITICAL] WORKER TIMEOUT (pid:12763)
[2024-11-19 01:41:05 +0000] [1] [CRITICAL] WORKER TIMEOUT (pid:12764)
[2024-11-19 01:41:05 +0000] [1] [CRITICAL] WORKER TIMEOUT (pid:12766)
[2024-11-19 01:41:05 +0000] [1] [CRITICAL] WORKER TIMEOUT (pid:12767)
[2024-11-19 01:41:05 +0000] [1] [CRITICAL] WORKER TIMEOUT (pid:12768)
[2024-11-19 01:41:05 +0000] [1] [CRITICAL] WORKER TIMEOUT (pid:12769)
[2024-11-19 01:41:05 +0000] [1] [CRITICAL] WORKER TIMEOUT (pid:12770)
[2024-11-19 01:41:05 +0000] [1] [CRITICAL] WORKER TIMEOUT (pid:12771)
[2024-11-19 01:41:05 +0000] [1] [CRITICAL] WORKER TIMEOUT (pid:12772)
[2024-11-19 01:41:05 +0000] [1] [CRITICAL] WORKER TIMEOUT (pid:12774)
[2024-11-19 01:41:05 +0000] [1] [CRITICAL] WORKER TIMEOUT (pid:12775)
[2024-11-19 01:41:05 +0000] [1] [CRITICAL] WORKER TIMEOUT (pid:12776)
[2024-11-19 01:41:05 +0000] [1] [CRITICAL] WORKER TIMEOUT (pid:12777)
[2024-11-19 01:41:05 +0000] [1] [CRITICAL] WORKER TIMEOUT (pid:12778)
[2024-11-19 01:41:05 +0000] [12763] [INFO] Worker exiting (pid: 12763)
[2024-11-19 01:41:05 +0000] [12766] [INFO] Worker exiting (pid: 12766)
[2024-11-19 01:41:05 +0000] [12767] [INFO] Worker exiting (pid: 12767)
[2024-11-19 01:41:05 +0000] [12770] [INFO] Worker exiting (pid: 12770)
[2024-11-19 01:41:05 +0000] [12768] [INFO] Worker exiting (pid: 12768)
[2024-11-19 01:41:05 +0000] [12771] [INFO] Worker exiting (pid: 12771)
[2024-11-19 01:41:05 +0000] [12774] [INFO] Worker exiting (pid: 12774)
[2024-11-19 01:41:05 +0000] [12777] [INFO] Worker exiting (pid: 12777)
[2024-11-19 01:41:05 +0000] [12764] [INFO] Worker exiting (pid: 12764)
[2024-11-19 01:41:05 +0000] [12769] [INFO] Worker exiting (pid: 12769)
[2024-11-19 01:41:05 +0000] [12772] [INFO] Worker exiting (pid: 12772)
[2024-11-19 01:41:05 +0000] [12776] [INFO] Worker exiting (pid: 12776)
[2024-11-19 01:41:05 +0000] [12775] [INFO] Worker exiting (pid: 12775)
[2024-11-19 01:41:05 +0000] [12778] [INFO] Worker exiting (pid: 12778)
[2024-11-19 01:41:06 +0000] [1] [ERROR] Worker (pid:12763) was sent SIGKILL! Perhaps out of memory?
[2024-11-19 01:41:06 +0000] [14232] [INFO] Booting worker with pid: 14232
[2024-11-19 01:41:06 +0000] [14233] [INFO] Booting worker with pid: 14233
[2024-11-19 01:41:06 +0000] [14234] [INFO] Booting worker with pid: 14234
[2024-11-19 01:41:06 +0000] [14235] [INFO] Booting worker with pid: 14235
[2024-11-19 01:41:06 +0000] [14236] [INFO] Booting worker with pid: 14236
[2024-11-19 01:41:07 +0000] [14237] [INFO] Booting worker with pid: 14237
[2024-11-19 01:41:07 +0000] [14238] [INFO] Booting worker with pid: 14238
[2024-11-19 01:41:07 +0000] [14239] [INFO] Booting worker with pid: 14239
[2024-11-19 01:41:07 +0000] [14240] [INFO] Booting worker with pid: 14240
[2024-11-19 01:41:07 +0000] [14241] [INFO] Booting worker with pid: 14241
[2024-11-19 01:41:07 +0000] [14242] [INFO] Booting worker with pid: 14242
[2024-11-19 01:41:07 +0000] [14243] [INFO] Booting worker with pid: 14243
[2024-11-19 01:41:07 +0000] [14244] [INFO] Booting worker with pid: 14244
[2024-11-19 01:41:07 +0000] [14245] [INFO] Booting worker with pid: 14245
[2024-11-19 06:01:55 +0000] [1] [INFO] Handling signal: term
[2024-11-19 06:01:56 +0000] [14232] [INFO] Worker exiting (pid: 14232)
[2024-11-19 06:01:56 +0000] [14233] [INFO] Worker exiting (pid: 14233)
[2024-11-19 06:01:56 +0000] [14243] [INFO] Worker exiting (pid: 14243)
[2024-11-19 06:01:56 +0000] [14240] [INFO] Worker exiting (pid: 14240)
[2024-11-19 06:01:56 +0000] [14242] [INFO] Worker exiting (pid: 14242)
[2024-11-19 06:01:56 +0000] [14239] [INFO] Worker exiting (pid: 14239)
[2024-11-19 06:01:56 +0000] [12773] [INFO] Worker exiting (pid: 12773)
[2024-11-19 06:01:56 +0000] [14241] [INFO] Worker exiting (pid: 14241)
[2024-11-19 06:01:56 +0000] [14244] [INFO] Worker exiting (pid: 14244)
[2024-11-19 06:01:56 +0000] [14235] [INFO] Worker exiting (pid: 14235)
[2024-11-19 06:01:56 +0000] [14245] [INFO] Worker exiting (pid: 14245)
[2024-11-19 06:01:56 +0000] [14231] [INFO] Worker exiting (pid: 14231)
[2024-11-19 06:01:56 +0000] [14236] [INFO] Worker exiting (pid: 14236)
[2024-11-19 06:01:56 +0000] [14238] [INFO] Worker exiting (pid: 14238)
[2024-11-19 06:01:56 +0000] [14237] [INFO] Worker exiting (pid: 14237)
[2024-11-19 06:01:56 +0000] [14234] [INFO] Worker exiting (pid: 14234)
[2024-11-19 06:01:57 +0000] [1] [INFO] Shutting down: Master
[2024-11-21 01:41:22 +0000] [1] [INFO] Starting gunicorn 21.2.0
[2024-11-21 01:41:22 +0000] [1] [INFO] Listening at: http://0.0.0.0:8080 (1)
[2024-11-21 01:41:22 +0000] [1] [INFO] Using worker: gthread
[2024-11-21 01:41:22 +0000] [15] [INFO] Booting worker with pid: 15
[2024-11-21 01:41:23 +0000] [16] [INFO] Booting worker with pid: 16
[2024-11-21 01:41:23 +0000] [17] [INFO] Booting worker with pid: 17
[2024-11-21 01:41:23 +0000] [18] [INFO] Booting worker with pid: 18
[2024-11-21 01:41:23 +0000] [19] [INFO] Booting worker with pid: 19
[2024-11-21 01:41:23 +0000] [20] [INFO] Booting worker with pid: 20
[2024-11-21 01:41:23 +0000] [21] [INFO] Booting worker with pid: 21
[2024-11-21 01:41:23 +0000] [22] [INFO] Booting worker with pid: 22
[2024-11-21 01:41:23 +0000] [23] [INFO] Booting worker with pid: 23
[2024-11-21 01:41:23 +0000] [24] [INFO] Booting worker with pid: 24
[2024-11-21 01:41:23 +0000] [25] [INFO] Booting worker with pid: 25
[2024-11-21 01:41:23 +0000] [26] [INFO] Booting worker with pid: 26
[2024-11-21 01:41:23 +0000] [27] [INFO] Booting worker with pid: 27
[2024-11-21 01:41:23 +0000] [28] [INFO] Booting worker with pid: 28
[2024-11-21 01:41:23 +0000] [29] [INFO] Booting worker with pid: 29
[2024-11-21 01:41:23 +0000] [30] [INFO] Booting worker with pid: 30
[2024-11-21 01:41:55 +0000] [1] [INFO] Handling signal: term
[2024-11-21 01:41:56 +0000] [30] [INFO] Worker exiting (pid: 30)
[2024-11-21 01:41:56 +0000] [19] [INFO] Worker exiting (pid: 19)
[2024-11-21 01:41:56 +0000] [25] [INFO] Worker exiting (pid: 25)
[2024-11-21 01:41:56 +0000] [22] [INFO] Worker exiting (pid: 22)
[2024-11-21 01:41:57 +0000] [15] [INFO] Worker exiting (pid: 15)
[2024-11-21 01:41:57 +0000] [24] [INFO] Worker exiting (pid: 24)
[2024-11-21 01:41:56 +0000] [26] [INFO] Worker exiting (pid: 26)
[2024-11-21 01:41:57 +0000] [29] [INFO] Worker exiting (pid: 29)
[2024-11-21 01:41:57 +0000] [17] [INFO] Worker exiting (pid: 17)
[2024-11-21 01:41:57 +0000] [20] [INFO] Worker exiting (pid: 20)
[2024-11-21 01:41:56 +0000] [21] [INFO] Worker exiting (pid: 21)
[2024-11-21 01:41:58 +0000] [16] [INFO] Worker exiting (pid: 16)
[2024-11-21 01:41:57 +0000] [27] [INFO] Worker exiting (pid: 27)
[2024-11-21 01:41:57 +0000] [28] [INFO] Worker exiting (pid: 28)
[2024-11-21 01:41:56 +0000] [23] [INFO] Worker exiting (pid: 23)
[2024-11-21 01:41:57 +0000] [18] [INFO] Worker exiting (pid: 18)
[2024-11-21 10:43:47 +0000] [1] [INFO] Starting gunicorn 21.2.0
[2024-11-21 10:43:47 +0000] [1] [INFO] Listening at: http://0.0.0.0:8080 (1)
[2024-11-21 10:43:47 +0000] [1] [INFO] Using worker: gthread
[2024-11-21 10:43:47 +0000] [14] [INFO] Booting worker with pid: 14
[2024-11-21 10:43:47 +0000] [15] [INFO] Booting worker with pid: 15
[2024-11-21 10:43:47 +0000] [16] [INFO] Booting worker with pid: 16
[2024-11-21 10:43:47 +0000] [17] [INFO] Booting worker with pid: 17
[2024-11-21 10:43:47 +0000] [18] [INFO] Booting worker with pid: 18
[2024-11-21 10:43:47 +0000] [19] [INFO] Booting worker with pid: 19
[2024-11-21 10:43:47 +0000] [20] [INFO] Booting worker with pid: 20
[2024-11-21 10:43:47 +0000] [21] [INFO] Booting worker with pid: 21
[2024-11-21 10:43:47 +0000] [22] [INFO] Booting worker with pid: 22
[2024-11-21 10:43:47 +0000] [23] [INFO] Booting worker with pid: 23
[2024-11-21 10:43:47 +0000] [24] [INFO] Booting worker with pid: 24
[2024-11-21 10:43:47 +0000] [25] [INFO] Booting worker with pid: 25
[2024-11-21 10:43:47 +0000] [26] [INFO] Booting worker with pid: 26
[2024-11-21 10:43:47 +0000] [27] [INFO] Booting worker with pid: 27
[2024-11-21 10:43:47 +0000] [28] [INFO] Booting worker with pid: 28
[2024-11-21 10:43:47 +0000] [29] [INFO] Booting worker with pid: 29
[2024-11-21 10:48:15 +0000] [1] [INFO] Starting gunicorn 21.2.0
[2024-11-21 10:48:15 +0000] [1] [INFO] Listening at: http://0.0.0.0:8080 (1)
[2024-11-21 10:48:15 +0000] [1] [INFO] Using worker: gthread
[2024-11-21 10:48:15 +0000] [14] [INFO] Booting worker with pid: 14
[2024-11-21 10:48:16 +0000] [15] [INFO] Booting worker with pid: 15
[2024-11-21 10:48:16 +0000] [16] [INFO] Booting worker with pid: 16
[2024-11-21 10:48:16 +0000] [17] [INFO] Booting worker with pid: 17
[2024-11-21 10:48:16 +0000] [18] [INFO] Booting worker with pid: 18
[2024-11-21 10:48:16 +0000] [19] [INFO] Booting worker with pid: 19
[2024-11-21 10:48:16 +0000] [20] [INFO] Booting worker with pid: 20
[2024-11-21 10:48:16 +0000] [21] [INFO] Booting worker with pid: 21
[2024-11-21 10:48:16 +0000] [22] [INFO] Booting worker with pid: 22
[2024-11-21 10:48:16 +0000] [23] [INFO] Booting worker with pid: 23
[2024-11-21 10:48:16 +0000] [24] [INFO] Booting worker with pid: 24
[2024-11-21 10:48:16 +0000] [25] [INFO] Booting worker with pid: 25
[2024-11-21 10:48:16 +0000] [27] [INFO] Booting worker with pid: 27
[2024-11-21 10:48:16 +0000] [28] [INFO] Booting worker with pid: 28
[2024-11-21 10:48:16 +0000] [26] [INFO] Booting worker with pid: 26
[2024-11-21 10:48:16 +0000] [29] [INFO] Booting worker with pid: 29
[2024-11-21 10:49:43 +0000] [1] [INFO] Handling signal: term
[2024-11-21 10:49:43 +0000] [15] [INFO] Worker exiting (pid: 15)
[2024-11-21 10:49:43 +0000] [16] [INFO] Worker exiting (pid: 16)
[2024-11-21 10:49:43 +0000] [17] [INFO] Worker exiting (pid: 17)
[2024-11-21 10:49:43 +0000] [18] [INFO] Worker exiting (pid: 18)
[2024-11-21 10:49:43 +0000] [20] [INFO] Worker exiting (pid: 20)
[2024-11-21 10:49:43 +0000] [19] [INFO] Worker exiting (pid: 19)
[2024-11-21 10:49:43 +0000] [22] [INFO] Worker exiting (pid: 22)
[2024-11-21 10:49:43 +0000] [23] [INFO] Worker exiting (pid: 23)
[2024-11-21 10:49:43 +0000] [21] [INFO] Worker exiting (pid: 21)
[2024-11-21 10:49:43 +0000] [24] [INFO] Worker exiting (pid: 24)
[2024-11-21 10:49:43 +0000] [25] [INFO] Worker exiting (pid: 25)
[2024-11-21 10:49:43 +0000] [27] [INFO] Worker exiting (pid: 27)
[2024-11-21 10:49:43 +0000] [29] [INFO] Worker exiting (pid: 29)
[2024-11-21 10:49:43 +0000] [26] [INFO] Worker exiting (pid: 26)
[2024-11-21 10:49:43 +0000] [28] [INFO] Worker exiting (pid: 28)
[2024-11-21 10:49:44 +0000] [14] [INFO] Worker exiting (pid: 14)
[2024-11-21 10:49:44 +0000] [1] [INFO] Shutting down: Master
[2024-11-21 10:49:48 +0000] [1] [INFO] Starting gunicorn 21.2.0
[2024-11-21 10:49:48 +0000] [1] [INFO] Listening at: http://0.0.0.0:8080 (1)
[2024-11-21 10:49:48 +0000] [1] [INFO] Using worker: gthread
[2024-11-21 10:49:48 +0000] [14] [INFO] Booting worker with pid: 14
[2024-11-21 10:49:48 +0000] [15] [INFO] Booting worker with pid: 15
[2024-11-21 10:49:48 +0000] [16] [INFO] Booting worker with pid: 16
[2024-11-21 10:49:48 +0000] [17] [INFO] Booting worker with pid: 17
[2024-11-21 10:49:48 +0000] [18] [INFO] Booting worker with pid: 18
[2024-11-21 10:49:48 +0000] [19] [INFO] Booting worker with pid: 19
[2024-11-21 10:49:48 +0000] [20] [INFO] Booting worker with pid: 20
[2024-11-21 10:49:49 +0000] [21] [INFO] Booting worker with pid: 21
[2024-11-21 10:49:49 +0000] [22] [INFO] Booting worker with pid: 22
[2024-11-21 10:49:49 +0000] [23] [INFO] Booting worker with pid: 23
[2024-11-21 10:49:49 +0000] [24] [INFO] Booting worker with pid: 24
[2024-11-21 10:49:49 +0000] [25] [INFO] Booting worker with pid: 25
[2024-11-21 10:49:49 +0000] [26] [INFO] Booting worker with pid: 26
[2024-11-21 10:49:49 +0000] [27] [INFO] Booting worker with pid: 27
[2024-11-21 10:49:49 +0000] [28] [INFO] Booting worker with pid: 28
[2024-11-21 10:49:49 +0000] [29] [INFO] Booting worker with pid: 29
[2024-11-21 10:50:58 +0000] [1] [INFO] Handling signal: term
[2024-11-21 10:50:58 +0000] [28] [INFO] Worker exiting (pid: 28)
[2024-11-21 10:50:58 +0000] [29] [INFO] Worker exiting (pid: 29)
[2024-11-21 10:50:59 +0000] [14] [INFO] Worker exiting (pid: 14)
[2024-11-21 10:50:59 +0000] [16] [INFO] Worker exiting (pid: 16)
[2024-11-21 10:50:59 +0000] [15] [INFO] Worker exiting (pid: 15)
[2024-11-21 10:50:59 +0000] [18] [INFO] Worker exiting (pid: 18)
[2024-11-21 10:50:59 +0000] [17] [INFO] Worker exiting (pid: 17)
[2024-11-21 10:50:59 +0000] [19] [INFO] Worker exiting (pid: 19)
[2024-11-21 10:50:59 +0000] [21] [INFO] Worker exiting (pid: 21)
[2024-11-21 10:50:59 +0000] [20] [INFO] Worker exiting (pid: 20)
[2024-11-21 10:50:59 +0000] [22] [INFO] Worker exiting (pid: 22)
[2024-11-21 10:50:59 +0000] [23] [INFO] Worker exiting (pid: 23)
[2024-11-21 10:50:59 +0000] [25] [INFO] Worker exiting (pid: 25)
[2024-11-21 10:50:59 +0000] [24] [INFO] Worker exiting (pid: 24)
[2024-11-21 10:50:59 +0000] [26] [INFO] Worker exiting (pid: 26)
[2024-11-21 10:50:59 +0000] [27] [INFO] Worker exiting (pid: 27)
[2024-11-21 10:50:59 +0000] [1] [INFO] Shutting down: Master
[2024-11-23 13:57:41 +0000] [1] [INFO] Starting gunicorn 21.2.0
[2024-11-23 13:57:41 +0000] [1] [INFO] Listening at: http://0.0.0.0:8080 (1)
[2024-11-23 13:57:41 +0000] [1] [INFO] Using worker: gthread
[2024-11-23 13:57:41 +0000] [14] [INFO] Booting worker with pid: 14
[2024-11-23 13:57:41 +0000] [15] [INFO] Booting worker with pid: 15
[2024-11-23 13:57:41 +0000] [16] [INFO] Booting worker with pid: 16
[2024-11-23 13:57:41 +0000] [17] [INFO] Booting worker with pid: 17
[2024-11-23 13:57:41 +0000] [18] [INFO] Booting worker with pid: 18
[2024-11-23 13:57:41 +0000] [19] [INFO] Booting worker with pid: 19
[2024-11-23 13:57:41 +0000] [20] [INFO] Booting worker with pid: 20
[2024-11-23 13:57:41 +0000] [21] [INFO] Booting worker with pid: 21
[2024-11-23 13:57:41 +0000] [22] [INFO] Booting worker with pid: 22
[2024-11-23 13:57:41 +0000] [23] [INFO] Booting worker with pid: 23
[2024-11-23 13:57:42 +0000] [24] [INFO] Booting worker with pid: 24
[2024-11-23 13:57:42 +0000] [25] [INFO] Booting worker with pid: 25
[2024-11-23 13:57:42 +0000] [26] [INFO] Booting worker with pid: 26
[2024-11-23 13:57:42 +0000] [27] [INFO] Booting worker with pid: 27
[2024-11-23 13:57:42 +0000] [28] [INFO] Booting worker with pid: 28
[2024-11-23 13:57:42 +0000] [29] [INFO] Booting worker with pid: 29
[2024-11-23 15:03:50 +0000] [1] [INFO] Handling signal: term
[2024-11-23 15:03:51 +0000] [15] [INFO] Worker exiting (pid: 15)
[2024-11-23 15:03:51 +0000] [29] [INFO] Worker exiting (pid: 29)
[2024-11-23 15:03:51 +0000] [21] [INFO] Worker exiting (pid: 21)
[2024-11-23 15:03:51 +0000] [28] [INFO] Worker exiting (pid: 28)
[2024-11-23 15:03:51 +0000] [18] [INFO] Worker exiting (pid: 18)
[2024-11-23 15:03:51 +0000] [23] [INFO] Worker exiting (pid: 23)
[2024-11-23 15:03:51 +0000] [14] [INFO] Worker exiting (pid: 14)
[2024-11-23 15:03:51 +0000] [17] [INFO] Worker exiting (pid: 17)
[2024-11-23 15:03:51 +0000] [20] [INFO] Worker exiting (pid: 20)
[2024-11-23 15:03:51 +0000] [27] [INFO] Worker exiting (pid: 27)
[2024-11-23 15:03:51 +0000] [25] [INFO] Worker exiting (pid: 25)
[2024-11-23 15:03:52 +0000] [19] [INFO] Worker exiting (pid: 19)
[2024-11-23 15:03:52 +0000] [26] [INFO] Worker exiting (pid: 26)
[2024-11-23 15:03:52 +0000] [22] [INFO] Worker exiting (pid: 22)
[2024-11-23 15:03:52 +0000] [16] [INFO] Worker exiting (pid: 16)
[2024-11-23 15:03:52 +0000] [24] [INFO] Worker exiting (pid: 24)
[2024-11-23 15:03:56 +0000] [1] [INFO] Shutting down: Master
[2024-11-24 10:47:19 +0000] [1] [INFO] Starting gunicorn 21.2.0
[2024-11-24 10:47:19 +0000] [1] [INFO] Listening at: http://0.0.0.0:8080 (1)
[2024-11-24 10:47:19 +0000] [1] [INFO] Using worker: gthread
[2024-11-24 10:47:19 +0000] [15] [INFO] Booting worker with pid: 15
[2024-11-24 10:47:19 +0000] [16] [INFO] Booting worker with pid: 16
[2024-11-24 10:47:19 +0000] [17] [INFO] Booting worker with pid: 17
[2024-11-24 10:47:19 +0000] [18] [INFO] Booting worker with pid: 18
[2024-11-24 10:47:19 +0000] [19] [INFO] Booting worker with pid: 19
[2024-11-24 10:47:19 +0000] [20] [INFO] Booting worker with pid: 20
[2024-11-24 10:47:20 +0000] [21] [INFO] Booting worker with pid: 21
[2024-11-24 10:47:20 +0000] [22] [INFO] Booting worker with pid: 22
[2024-11-24 10:47:20 +0000] [23] [INFO] Booting worker with pid: 23
[2024-11-24 10:47:20 +0000] [24] [INFO] Booting worker with pid: 24
[2024-11-24 10:47:20 +0000] [26] [INFO] Booting worker with pid: 26
[2024-11-24 10:47:20 +0000] [25] [INFO] Booting worker with pid: 25
[2024-11-24 10:47:20 +0000] [27] [INFO] Booting worker with pid: 27
[2024-11-24 10:47:20 +0000] [28] [INFO] Booting worker with pid: 28
[2024-11-24 10:47:20 +0000] [29] [INFO] Booting worker with pid: 29
[2024-11-24 10:47:20 +0000] [30] [INFO] Booting worker with pid: 30
[2024-11-24 11:36:01 +0000] [1] [INFO] Handling signal: term
[2024-11-24 11:36:01 +0000] [30] [INFO] Worker exiting (pid: 30)
[2024-11-24 11:36:01 +0000] [17] [INFO] Worker exiting (pid: 17)
[2024-11-24 11:36:01 +0000] [26] [INFO] Worker exiting (pid: 26)
[2024-11-24 11:36:01 +0000] [29] [INFO] Worker exiting (pid: 29)
[2024-11-24 11:36:01 +0000] [16] [INFO] Worker exiting (pid: 16)
[2024-11-24 11:36:01 +0000] [25] [INFO] Worker exiting (pid: 25)
[2024-11-24 11:36:01 +0000] [18] [INFO] Worker exiting (pid: 18)
[2024-11-24 11:36:01 +0000] [23] [INFO] Worker exiting (pid: 23)
[2024-11-24 11:36:01 +0000] [15] [INFO] Worker exiting (pid: 15)
[2024-11-24 11:36:01 +0000] [22] [INFO] Worker exiting (pid: 22)
[2024-11-24 11:36:01 +0000] [24] [INFO] Worker exiting (pid: 24)
[2024-11-24 11:36:01 +0000] [28] [INFO] Worker exiting (pid: 28)
[2024-11-24 11:36:01 +0000] [21] [INFO] Worker exiting (pid: 21)
[2024-11-24 11:36:01 +0000] [27] [INFO] Worker exiting (pid: 27)
[2024-11-24 11:36:01 +0000] [19] [INFO] Worker exiting (pid: 19)
[2024-11-24 11:36:02 +0000] [20] [INFO] Worker exiting (pid: 20)
[2024-11-24 11:36:03 +0000] [1] [INFO] Shutting down: Master
[2024-11-25 14:29:20 +0000] [1] [INFO] Starting gunicorn 21.2.0
[2024-11-25 14:29:20 +0000] [1] [INFO] Listening at: http://0.0.0.0:8080 (1)
[2024-11-25 14:29:20 +0000] [1] [INFO] Using worker: gthread
[2024-11-25 14:29:20 +0000] [15] [INFO] Booting worker with pid: 15
[2024-11-25 14:29:20 +0000] [16] [INFO] Booting worker with pid: 16
[2024-11-25 14:29:20 +0000] [17] [INFO] Booting worker with pid: 17
[2024-11-25 14:29:20 +0000] [18] [INFO] Booting worker with pid: 18
[2024-11-25 14:29:20 +0000] [19] [INFO] Booting worker with pid: 19
[2024-11-25 14:29:20 +0000] [20] [INFO] Booting worker with pid: 20
[2024-11-25 14:29:20 +0000] [21] [INFO] Booting worker with pid: 21
[2024-11-25 14:29:20 +0000] [22] [INFO] Booting worker with pid: 22
[2024-11-25 14:29:20 +0000] [23] [INFO] Booting worker with pid: 23
[2024-11-25 14:29:20 +0000] [24] [INFO] Booting worker with pid: 24
[2024-11-25 14:29:20 +0000] [25] [INFO] Booting worker with pid: 25
[2024-11-25 14:29:21 +0000] [26] [INFO] Booting worker with pid: 26
[2024-11-25 14:29:21 +0000] [27] [INFO] Booting worker with pid: 27
[2024-11-25 14:29:21 +0000] [30] [INFO] Booting worker with pid: 30
[2024-11-25 14:29:21 +0000] [28] [INFO] Booting worker with pid: 28
[2024-11-25 14:29:21 +0000] [29] [INFO] Booting worker with pid: 29
[2024-11-25 15:16:45 +0000] [1] [INFO] Handling signal: term
[2024-11-25 15:16:46 +0000] [25] [INFO] Worker exiting (pid: 25)
[2024-11-25 15:16:46 +0000] [15] [INFO] Worker exiting (pid: 15)
[2024-11-25 15:16:46 +0000] [24] [INFO] Worker exiting (pid: 24)
[2024-11-25 15:16:46 +0000] [26] [INFO] Worker exiting (pid: 26)
[2024-11-25 15:16:46 +0000] [21] [INFO] Worker exiting (pid: 21)
[2024-11-25 15:16:46 +0000] [20] [INFO] Worker exiting (pid: 20)
[2024-11-25 15:16:46 +0000] [28] [INFO] Worker exiting (pid: 28)
[2024-11-25 15:16:46 +0000] [23] [INFO] Worker exiting (pid: 23)
[2024-11-25 15:16:46 +0000] [18] [INFO] Worker exiting (pid: 18)
[2024-11-25 15:16:46 +0000] [17] [INFO] Worker exiting (pid: 17)
[2024-11-25 15:16:46 +0000] [22] [INFO] Worker exiting (pid: 22)
[2024-11-25 15:16:46 +0000] [19] [INFO] Worker exiting (pid: 19)
[2024-11-25 15:16:46 +0000] [29] [INFO] Worker exiting (pid: 29)
[2024-11-25 15:16:46 +0000] [30] [INFO] Worker exiting (pid: 30)
[2024-11-25 15:16:46 +0000] [27] [INFO] Worker exiting (pid: 27)
[2024-11-25 15:16:47 +0000] [16] [INFO] Worker exiting (pid: 16)
[2024-11-25 15:16:51 +0000] [1] [INFO] Shutting down: Master
